Fri Jul 12 21:29:12 UTC 2024: Minecraft server is not running. Restarting...
Fri Jul 12 21:29:12 UTC 2024: Starting Minecraft server...
Fri Jul 12 21:30:47 UTC 2024: Minecraft server is not running. Restarting...
Fri Jul 12 21:30:47 UTC 2024: Starting Minecraft server...
Fri Jul 12 21:31:29 UTC 2024: Minecraft server is not running. Restarting...
Fri Jul 12 21:31:29 UTC 2024: Starting Minecraft server...
Fri Jul 12 21:36:01 UTC 2024: Minecraft server is not running. Restarting...
Fri Jul 12 21:36:01 UTC 2024: Starting Minecraft server...
Fri Jul 12 21:37:01 UTC 2024: Minecraft server is already running.
Fri Jul 12 21:38:01 UTC 2024: Minecraft server is already running.
Fri Jul 12 21:39:01 UTC 2024: Minecraft server is already running.
Fri Jul 12 21:40:01 UTC 2024: Minecraft server is already running.
Fri Jul 12 21:41:01 UTC 2024: Minecraft server is already running.
Fri Jul 12 21:42:01 UTC 2024: Minecraft server is already running.
Fri Jul 12 21:43:01 UTC 2024: Minecraft server is already running.
Fri Jul 12 21:44:01 UTC 2024: Minecraft server is already running.
Fri Jul 12 21:45:01 UTC 2024: Minecraft server is already running.
Fri Jul 12 21:46:01 UTC 2024: Minecraft server is already running.
Fri Jul 12 21:47:01 UTC 2024: Minecraft server is already running.
Fri Jul 12 21:48:01 UTC 2024: Minecraft server is already running.
Fri Jul 12 21:49:01 UTC 2024: Minecraft server is already running.
Fri Jul 12 21:50:01 UTC 2024: Minecraft server is already running.
Fri Jul 12 21:51:01 UTC 2024: Minecraft server is already running.
Fri Jul 12 21:52:01 UTC 2024: Minecraft server is already running.
Fri Jul 12 21:53:01 UTC 2024: Minecraft server is already running.
Fri Jul 12 21:54:01 UTC 2024: Minecraft server is already running.
Fri Jul 12 21:55:01 UTC 2024: Minecraft server is already running.
Fri Jul 12 21:56:01 UTC 2024: Minecraft server is already running.
Fri Jul 12 21:57:01 UTC 2024: Minecraft server is already running.
Fri Jul 12 21:58:01 UTC 2024: Minecraft server is already running.
Fri Jul 12 21:59:01 UTC 2024: Minecraft server is already running.
Fri Jul 12 22:00:01 UTC 2024: Minecraft server is already running.
Fri Jul 12 22:01:02 UTC 2024: Minecraft server is already running.
Fri Jul 12 22:02:01 UTC 2024: Minecraft server is already running.
Fri Jul 12 22:03:01 UTC 2024: Minecraft server is already running.
Fri Jul 12 22:04:01 UTC 2024: Minecraft server is already running.
Fri Jul 12 22:05:01 UTC 2024: Minecraft server is already running.
Fri Jul 12 22:06:01 UTC 2024: Minecraft server is already running.
Fri Jul 12 22:07:01 UTC 2024: Minecraft server is already running.
Fri Jul 12 22:08:01 UTC 2024: Minecraft server is already running.
Fri Jul 12 22:09:01 UTC 2024: Minecraft server is already running.
Fri Jul 12 22:10:01 UTC 2024: Minecraft server is already running.
Fri Jul 12 22:11:01 UTC 2024: Minecraft server is already running.
Fri Jul 12 22:12:01 UTC 2024: Minecraft server is already running.
Fri Jul 12 22:13:01 UTC 2024: Minecraft server is already running.
Fri Jul 12 22:14:01 UTC 2024: Minecraft server is already running.
Fri Jul 12 22:15:01 UTC 2024: Minecraft server is already running.
Fri Jul 12 22:16:01 UTC 2024: Minecraft server is already running.
Fri Jul 12 22:17:01 UTC 2024: Minecraft server is already running.
Fri Jul 12 22:18:01 UTC 2024: Minecraft server is already running.
Fri Jul 12 22:19:01 UTC 2024: Minecraft server is already running.
Fri Jul 12 22:20:01 UTC 2024: Minecraft server is already running.
Fri Jul 12 22:21:01 UTC 2024: Minecraft server is already running.
Fri Jul 12 22:22:01 UTC 2024: Minecraft server is already running.
Fri Jul 12 22:23:01 UTC 2024: Minecraft server is already running.
Fri Jul 12 22:24:01 UTC 2024: Minecraft server is already running.
Fri Jul 12 22:25:01 UTC 2024: Minecraft server is already running.
Fri Jul 12 22:26:01 UTC 2024: Minecraft server is already running.
Fri Jul 12 22:27:01 UTC 2024: Minecraft server is already running.
Fri Jul 12 22:28:01 UTC 2024: Minecraft server is already running.
Fri Jul 12 22:29:01 UTC 2024: Minecraft server is already running.
Fri Jul 12 22:30:02 UTC 2024: Minecraft server is already running.
Fri Jul 12 22:31:01 UTC 2024: Minecraft server is already running.
Fri Jul 12 22:32:01 UTC 2024: Minecraft server is already running.
Fri Jul 12 22:33:01 UTC 2024: Minecraft server is already running.
Fri Jul 12 22:34:01 UTC 2024: Minecraft server is already running.
Fri Jul 12 22:35:01 UTC 2024: Minecraft server is already running.
Fri Jul 12 22:36:01 UTC 2024: Minecraft server is already running.
Fri Jul 12 22:37:01 UTC 2024: Minecraft server is already running.
Fri Jul 12 22:38:01 UTC 2024: Minecraft server is already running.
Fri Jul 12 22:39:01 UTC 2024: Minecraft server is already running.
Fri Jul 12 22:40:01 UTC 2024: Minecraft server is already running.
Fri Jul 12 22:41:01 UTC 2024: Minecraft server is already running.
Fri Jul 12 22:42:01 UTC 2024: Minecraft server is already running.
Fri Jul 12 22:43:01 UTC 2024: Minecraft server is already running.
Fri Jul 12 22:44:01 UTC 2024: Minecraft server is already running.
Fri Jul 12 22:45:01 UTC 2024: Minecraft server is already running.
Fri Jul 12 22:46:01 UTC 2024: Minecraft server is already running.
Fri Jul 12 22:47:01 UTC 2024: Minecraft server is already running.
Fri Jul 12 22:48:01 UTC 2024: Minecraft server is already running.
Fri Jul 12 22:49:01 UTC 2024: Minecraft server is already running.
Fri Jul 12 22:50:01 UTC 2024: Minecraft server is already running.
Fri Jul 12 22:51:01 UTC 2024: Minecraft server is already running.
Fri Jul 12 22:52:01 UTC 2024: Minecraft server is already running.
Fri Jul 12 22:53:01 UTC 2024: Minecraft server is already running.
Fri Jul 12 22:54:01 UTC 2024: Minecraft server is already running.
Fri Jul 12 22:55:01 UTC 2024: Minecraft server is already running.
Fri Jul 12 22:56:01 UTC 2024: Minecraft server is already running.
Fri Jul 12 22:57:01 UTC 2024: Minecraft server is already running.
Fri Jul 12 22:58:01 UTC 2024: Minecraft server is already running.
Fri Jul 12 22:59:01 UTC 2024: Minecraft server is already running.
Fri Jul 12 23:00:01 UTC 2024: Minecraft server is already running.
Fri Jul 12 23:01:01 UTC 2024: Minecraft server is already running.
Fri Jul 12 23:02:01 UTC 2024: Minecraft server is already running.
Fri Jul 12 23:03:01 UTC 2024: Minecraft server is already running.
Fri Jul 12 23:04:01 UTC 2024: Minecraft server is already running.
Fri Jul 12 23:05:01 UTC 2024: Minecraft server is already running.
Fri Jul 12 23:06:02 UTC 2024: Minecraft server is already running.
Fri Jul 12 23:07:01 UTC 2024: Minecraft server is already running.
Fri Jul 12 23:08:01 UTC 2024: Minecraft server is already running.
Fri Jul 12 23:09:01 UTC 2024: Minecraft server is already running.
Fri Jul 12 23:10:01 UTC 2024: Minecraft server is already running.
Fri Jul 12 23:11:01 UTC 2024: Minecraft server is already running.
Fri Jul 12 23:12:01 UTC 2024: Minecraft server is already running.
Fri Jul 12 23:13:01 UTC 2024: Minecraft server is already running.
Fri Jul 12 23:14:01 UTC 2024: Minecraft server is already running.
Fri Jul 12 23:15:01 UTC 2024: Minecraft server is already running.
Fri Jul 12 23:16:01 UTC 2024: Minecraft server is already running.
Fri Jul 12 23:17:01 UTC 2024: Minecraft server is already running.
Fri Jul 12 23:18:01 UTC 2024: Minecraft server is already running.
Fri Jul 12 23:19:01 UTC 2024: Minecraft server is already running.
Fri Jul 12 23:20:01 UTC 2024: Minecraft server is already running.
Fri Jul 12 23:21:01 UTC 2024: Minecraft server is already running.
Fri Jul 12 23:22:01 UTC 2024: Minecraft server is already running.
Fri Jul 12 23:23:01 UTC 2024: Minecraft server is already running.
Fri Jul 12 23:24:01 UTC 2024: Minecraft server is already running.
Fri Jul 12 23:25:01 UTC 2024: Minecraft server is already running.
Fri Jul 12 23:26:01 UTC 2024: Minecraft server is already running.
Fri Jul 12 23:27:01 UTC 2024: Minecraft server is already running.
Fri Jul 12 23:28:01 UTC 2024: Minecraft server is already running.
Fri Jul 12 23:29:01 UTC 2024: Minecraft server is already running.
Fri Jul 12 23:30:01 UTC 2024: Minecraft server is already running.
Fri Jul 12 23:31:01 UTC 2024: Minecraft server is already running.
Fri Jul 12 23:32:01 UTC 2024: Minecraft server is already running.
Fri Jul 12 23:33:01 UTC 2024: Minecraft server is already running.
Fri Jul 12 23:34:01 UTC 2024: Minecraft server is already running.
Fri Jul 12 23:35:01 UTC 2024: Minecraft server is already running.
Fri Jul 12 23:36:01 UTC 2024: Minecraft server is already running.
Fri Jul 12 23:37:01 UTC 2024: Minecraft server is already running.
Fri Jul 12 23:38:01 UTC 2024: Minecraft server is already running.
Fri Jul 12 23:39:01 UTC 2024: Minecraft server is already running.
Fri Jul 12 23:40:01 UTC 2024: Minecraft server is already running.
Fri Jul 12 23:41:01 UTC 2024: Minecraft server is already running.
Fri Jul 12 23:42:01 UTC 2024: Minecraft server is already running.
Fri Jul 12 23:43:01 UTC 2024: Minecraft server is already running.
Fri Jul 12 23:44:02 UTC 2024: Minecraft server is already running.
Fri Jul 12 23:45:01 UTC 2024: Minecraft server is already running.
Fri Jul 12 23:46:01 UTC 2024: Minecraft server is already running.
Fri Jul 12 23:47:01 UTC 2024: Minecraft server is already running.
Fri Jul 12 23:48:01 UTC 2024: Minecraft server is already running.
Fri Jul 12 23:49:01 UTC 2024: Minecraft server is already running.
Fri Jul 12 23:50:01 UTC 2024: Minecraft server is already running.
Fri Jul 12 23:51:01 UTC 2024: Minecraft server is already running.
Fri Jul 12 23:52:01 UTC 2024: Minecraft server is already running.
Fri Jul 12 23:53:01 UTC 2024: Minecraft server is already running.
Fri Jul 12 23:54:01 UTC 2024: Minecraft server is already running.
Fri Jul 12 23:55:01 UTC 2024: Minecraft server is already running.
Fri Jul 12 23:56:01 UTC 2024: Minecraft server is already running.
Fri Jul 12 23:57:01 UTC 2024: Minecraft server is already running.
Fri Jul 12 23:58:01 UTC 2024: Minecraft server is already running.
Fri Jul 12 23:59:01 UTC 2024: Minecraft server is already running.
Sat Jul 13 00:00:01 UTC 2024: Minecraft server is already running.
Sat Jul 13 00:01:01 UTC 2024: Minecraft server is already running.
Sat Jul 13 00:02:01 UTC 2024: Minecraft server is already running.
Sat Jul 13 00:03:01 UTC 2024: Minecraft server is already running.
Sat Jul 13 00:04:01 UTC 2024: Minecraft server is already running.
Sat Jul 13 00:05:01 UTC 2024: Minecraft server is already running.
Sat Jul 13 00:06:01 UTC 2024: Minecraft server is already running.
Sat Jul 13 00:07:01 UTC 2024: Minecraft server is already running.
Sat Jul 13 00:08:01 UTC 2024: Minecraft server is already running.
Sat Jul 13 00:09:01 UTC 2024: Minecraft server is already running.
Sat Jul 13 00:10:01 UTC 2024: Minecraft server is already running.
Sat Jul 13 00:11:01 UTC 2024: Minecraft server is already running.
Sat Jul 13 00:12:01 UTC 2024: Minecraft server is already running.
Sat Jul 13 00:13:01 UTC 2024: Minecraft server is already running.
Sat Jul 13 00:14:01 UTC 2024: Minecraft server is already running.
Sat Jul 13 00:15:01 UTC 2024: Minecraft server is already running.
Sat Jul 13 00:16:01 UTC 2024: Minecraft server is already running.
Sat Jul 13 00:17:01 UTC 2024: Minecraft server is already running.
Sat Jul 13 00:18:01 UTC 2024: Minecraft server is already running.
Sat Jul 13 00:19:01 UTC 2024: Minecraft server is already running.
Sat Jul 13 00:20:02 UTC 2024: Minecraft server is already running.
Sat Jul 13 00:21:01 UTC 2024: Minecraft server is already running.
Sat Jul 13 00:22:01 UTC 2024: Minecraft server is already running.
Sat Jul 13 00:23:01 UTC 2024: Minecraft server is already running.
Sat Jul 13 00:24:01 UTC 2024: Minecraft server is already running.
Sat Jul 13 00:25:01 UTC 2024: Minecraft server is already running.
Sat Jul 13 00:26:01 UTC 2024: Minecraft server is already running.
Sat Jul 13 00:27:01 UTC 2024: Minecraft server is already running.
Sat Jul 13 00:28:01 UTC 2024: Minecraft server is already running.
Sat Jul 13 00:29:01 UTC 2024: Minecraft server is already running.
Sat Jul 13 00:30:01 UTC 2024: Minecraft server is already running.
Sat Jul 13 00:31:01 UTC 2024: Minecraft server is already running.
Sat Jul 13 00:32:01 UTC 2024: Minecraft server is already running.
Sat Jul 13 00:33:01 UTC 2024: Minecraft server is already running.
Sat Jul 13 00:34:01 UTC 2024: Minecraft server is already running.
Sat Jul 13 00:35:01 UTC 2024: Minecraft server is already running.
Sat Jul 13 00:36:01 UTC 2024: Minecraft server is already running.
Sat Jul 13 00:37:01 UTC 2024: Minecraft server is already running.
Sat Jul 13 00:38:01 UTC 2024: Minecraft server is already running.
Sat Jul 13 00:39:01 UTC 2024: Minecraft server is already running.
Sat Jul 13 00:40:01 UTC 2024: Minecraft server is already running.
Sat Jul 13 00:41:01 UTC 2024: Minecraft server is already running.
Sat Jul 13 00:42:01 UTC 2024: Minecraft server is already running.
Sat Jul 13 00:43:01 UTC 2024: Minecraft server is already running.
Sat Jul 13 00:44:01 UTC 2024: Minecraft server is already running.
Sat Jul 13 00:45:01 UTC 2024: Minecraft server is already running.
Sat Jul 13 00:46:01 UTC 2024: Minecraft server is already running.
Sat Jul 13 00:47:01 UTC 2024: Minecraft server is already running.
Sat Jul 13 00:48:01 UTC 2024: Minecraft server is already running.
Sat Jul 13 00:49:01 UTC 2024: Minecraft server is already running.
Sat Jul 13 00:50:01 UTC 2024: Minecraft server is already running.
Sat Jul 13 00:51:01 UTC 2024: Minecraft server is already running.
Sat Jul 13 00:52:01 UTC 2024: Minecraft server is already running.
Sat Jul 13 00:53:01 UTC 2024: Minecraft server is already running.
Sat Jul 13 00:54:01 UTC 2024: Minecraft server is already running.
Sat Jul 13 00:55:01 UTC 2024: Minecraft server is already running.
Sat Jul 13 00:56:01 UTC 2024: Minecraft server is already running.
Sat Jul 13 00:57:02 UTC 2024: Minecraft server is already running.
Sat Jul 13 00:58:01 UTC 2024: Minecraft server is already running.
Sat Jul 13 00:59:01 UTC 2024: Minecraft server is already running.
Sat Jul 13 01:00:01 UTC 2024: Minecraft server is already running.
Sat Jul 13 01:01:01 UTC 2024: Minecraft server is already running.
Sat Jul 13 01:02:01 UTC 2024: Minecraft server is already running.
Sat Jul 13 01:03:01 UTC 2024: Minecraft server is already running.
Sat Jul 13 01:04:01 UTC 2024: Minecraft server is already running.
Sat Jul 13 01:05:01 UTC 2024: Minecraft server is already running.
Sat Jul 13 01:06:01 UTC 2024: Minecraft server is already running.
Sat Jul 13 01:07:01 UTC 2024: Minecraft server is already running.
Sat Jul 13 01:08:01 UTC 2024: Minecraft server is already running.
Sat Jul 13 01:09:01 UTC 2024: Minecraft server is already running.
Sat Jul 13 01:10:01 UTC 2024: Minecraft server is already running.
Sat Jul 13 01:11:01 UTC 2024: Minecraft server is already running.
Sat Jul 13 01:12:01 UTC 2024: Minecraft server is already running.
Sat Jul 13 01:13:01 UTC 2024: Minecraft server is already running.
Sat Jul 13 01:14:01 UTC 2024: Minecraft server is already running.
Sat Jul 13 01:15:01 UTC 2024: Minecraft server is already running.
Sat Jul 13 01:16:01 UTC 2024: Minecraft server is already running.
Sat Jul 13 01:17:01 UTC 2024: Minecraft server is already running.
Sat Jul 13 01:18:01 UTC 2024: Minecraft server is already running.
Sat Jul 13 01:19:01 UTC 2024: Minecraft server is already running.
Sat Jul 13 01:20:01 UTC 2024: Minecraft server is already running.
Sat Jul 13 01:21:01 UTC 2024: Minecraft server is already running.
Sat Jul 13 01:22:01 UTC 2024: Minecraft server is already running.
Sat Jul 13 01:23:01 UTC 2024: Minecraft server is already running.
Sat Jul 13 01:24:01 UTC 2024: Minecraft server is already running.
Sat Jul 13 01:25:01 UTC 2024: Minecraft server is already running.
Sat Jul 13 01:26:01 UTC 2024: Minecraft server is already running.
Sat Jul 13 01:27:01 UTC 2024: Minecraft server is already running.
Sat Jul 13 01:28:01 UTC 2024: Minecraft server is already running.
Sat Jul 13 01:29:01 UTC 2024: Minecraft server is already running.
Sat Jul 13 01:30:01 UTC 2024: Minecraft server is already running.
Sat Jul 13 01:31:01 UTC 2024: Minecraft server is already running.
Sat Jul 13 01:32:01 UTC 2024: Minecraft server is already running.
Sat Jul 13 01:33:01 UTC 2024: Minecraft server is already running.
Sat Jul 13 01:34:01 UTC 2024: Minecraft server is already running.
Sat Jul 13 01:35:02 UTC 2024: Minecraft server is already running.
Sat Jul 13 01:36:01 UTC 2024: Minecraft server is already running.
Sat Jul 13 01:37:01 UTC 2024: Minecraft server is already running.
Sat Jul 13 01:38:01 UTC 2024: Minecraft server is already running.
Sat Jul 13 01:39:01 UTC 2024: Minecraft server is already running.
Sat Jul 13 01:40:01 UTC 2024: Minecraft server is already running.
Sat Jul 13 01:41:01 UTC 2024: Minecraft server is already running.
Sat Jul 13 01:42:01 UTC 2024: Minecraft server is already running.
Sat Jul 13 01:43:01 UTC 2024: Minecraft server is already running.
Sat Jul 13 01:44:01 UTC 2024: Minecraft server is already running.
Sat Jul 13 01:45:01 UTC 2024: Minecraft server is already running.
Sat Jul 13 01:46:01 UTC 2024: Minecraft server is already running.
Sat Jul 13 01:47:01 UTC 2024: Minecraft server is already running.
Sat Jul 13 01:48:01 UTC 2024: Minecraft server is already running.
Sat Jul 13 01:49:01 UTC 2024: Minecraft server is already running.
Sat Jul 13 01:50:01 UTC 2024: Minecraft server is already running.
Sat Jul 13 01:51:01 UTC 2024: Minecraft server is already running.
Sat Jul 13 01:52:01 UTC 2024: Minecraft server is already running.
Sat Jul 13 01:53:01 UTC 2024: Minecraft server is already running.
Sat Jul 13 01:54:01 UTC 2024: Minecraft server is already running.
Sat Jul 13 01:55:01 UTC 2024: Minecraft server is already running.
Sat Jul 13 01:56:01 UTC 2024: Minecraft server is already running.
Sat Jul 13 01:57:01 UTC 2024: Minecraft server is already running.
Sat Jul 13 01:58:01 UTC 2024: Minecraft server is already running.
Sat Jul 13 01:59:01 UTC 2024: Minecraft server is already running.
Sat Jul 13 02:00:01 UTC 2024: Minecraft server is already running.
Sat Jul 13 02:01:01 UTC 2024: Minecraft server is already running.
Sat Jul 13 02:02:01 UTC 2024: Minecraft server is already running.
Sat Jul 13 02:03:01 UTC 2024: Minecraft server is already running.
Sat Jul 13 02:04:01 UTC 2024: Minecraft server is already running.
Sat Jul 13 02:05:01 UTC 2024: Minecraft server is already running.
Sat Jul 13 02:06:01 UTC 2024: Minecraft server is already running.
Sat Jul 13 02:07:01 UTC 2024: Minecraft server is already running.
Sat Jul 13 02:08:01 UTC 2024: Minecraft server is already running.
Sat Jul 13 02:09:01 UTC 2024: Minecraft server is already running.
Sat Jul 13 02:10:02 UTC 2024: Minecraft server is already running.
Sat Jul 13 02:11:01 UTC 2024: Minecraft server is already running.
Sat Jul 13 02:12:01 UTC 2024: Minecraft server is already running.
Sat Jul 13 02:13:01 UTC 2024: Minecraft server is already running.
Sat Jul 13 02:14:01 UTC 2024: Minecraft server is already running.
Sat Jul 13 02:15:01 UTC 2024: Minecraft server is already running.
Sat Jul 13 02:16:01 UTC 2024: Minecraft server is already running.
Sat Jul 13 02:17:01 UTC 2024: Minecraft server is already running.
Sat Jul 13 02:18:01 UTC 2024: Minecraft server is already running.
Sat Jul 13 02:19:01 UTC 2024: Minecraft server is already running.
Sat Jul 13 02:20:01 UTC 2024: Minecraft server is already running.
Sat Jul 13 02:21:01 UTC 2024: Minecraft server is already running.
Sat Jul 13 02:22:01 UTC 2024: Minecraft server is already running.
Sat Jul 13 02:23:01 UTC 2024: Minecraft server is already running.
Sat Jul 13 02:24:01 UTC 2024: Minecraft server is already running.
Sat Jul 13 02:25:01 UTC 2024: Minecraft server is already running.
Sat Jul 13 02:26:01 UTC 2024: Minecraft server is already running.
Sat Jul 13 02:27:01 UTC 2024: Minecraft server is already running.
Sat Jul 13 02:28:01 UTC 2024: Minecraft server is already running.
Sat Jul 13 02:29:01 UTC 2024: Minecraft server is already running.
Sat Jul 13 02:30:01 UTC 2024: Minecraft server is already running.
Sat Jul 13 02:31:01 UTC 2024: Minecraft server is already running.
Sat Jul 13 02:32:01 UTC 2024: Minecraft server is already running.
Sat Jul 13 02:33:01 UTC 2024: Minecraft server is already running.
Sat Jul 13 02:34:01 UTC 2024: Minecraft server is already running.
Sat Jul 13 02:35:01 UTC 2024: Minecraft server is already running.
Sat Jul 13 02:36:01 UTC 2024: Minecraft server is already running.
Sat Jul 13 02:37:01 UTC 2024: Minecraft server is already running.
Sat Jul 13 02:38:01 UTC 2024: Minecraft server is already running.
Sat Jul 13 02:39:01 UTC 2024: Minecraft server is already running.
Sat Jul 13 02:40:01 UTC 2024: Minecraft server is already running.
Sat Jul 13 02:41:01 UTC 2024: Minecraft server is already running.
Sat Jul 13 02:42:01 UTC 2024: Minecraft server is already running.
Sat Jul 13 02:43:01 UTC 2024: Minecraft server is already running.
Sat Jul 13 02:44:01 UTC 2024: Minecraft server is already running.
Sat Jul 13 02:45:02 UTC 2024: Minecraft server is already running.
Sat Jul 13 02:46:01 UTC 2024: Minecraft server is already running.
Sat Jul 13 02:47:01 UTC 2024: Minecraft server is already running.
Sat Jul 13 02:48:01 UTC 2024: Minecraft server is already running.
Sat Jul 13 02:49:01 UTC 2024: Minecraft server is already running.
Sat Jul 13 02:50:01 UTC 2024: Minecraft server is already running.
Sat Jul 13 02:51:01 UTC 2024: Minecraft server is already running.
Sat Jul 13 02:52:01 UTC 2024: Minecraft server is already running.
Sat Jul 13 02:53:01 UTC 2024: Minecraft server is already running.
Sat Jul 13 02:54:01 UTC 2024: Minecraft server is already running.
Sat Jul 13 02:55:01 UTC 2024: Minecraft server is already running.
Sat Jul 13 02:56:01 UTC 2024: Minecraft server is already running.
Sat Jul 13 02:57:01 UTC 2024: Minecraft server is already running.
Sat Jul 13 02:58:01 UTC 2024: Minecraft server is already running.
Sat Jul 13 02:59:01 UTC 2024: Minecraft server is already running.
Sat Jul 13 03:00:01 UTC 2024: Minecraft server is already running.
Sat Jul 13 03:01:01 UTC 2024: Minecraft server is already running.
Sat Jul 13 03:02:01 UTC 2024: Minecraft server is already running.
Sat Jul 13 03:03:01 UTC 2024: Minecraft server is already running.
Sat Jul 13 03:04:01 UTC 2024: Minecraft server is already running.
Sat Jul 13 03:05:01 UTC 2024: Minecraft server is already running.
Sat Jul 13 03:06:01 UTC 2024: Minecraft server is already running.
Sat Jul 13 03:07:01 UTC 2024: Minecraft server is already running.
Sat Jul 13 03:08:01 UTC 2024: Minecraft server is already running.
Sat Jul 13 03:09:01 UTC 2024: Minecraft server is already running.
Sat Jul 13 03:10:01 UTC 2024: Minecraft server is already running.
Sat Jul 13 03:11:01 UTC 2024: Minecraft server is already running.
Sat Jul 13 03:12:01 UTC 2024: Minecraft server is already running.
Sat Jul 13 03:13:01 UTC 2024: Minecraft server is already running.
Sat Jul 13 03:14:01 UTC 2024: Minecraft server is already running.
Sat Jul 13 03:15:01 UTC 2024: Minecraft server is already running.
Sat Jul 13 03:16:01 UTC 2024: Minecraft server is already running.
Sat Jul 13 03:17:01 UTC 2024: Minecraft server is already running.
Sat Jul 13 03:18:01 UTC 2024: Minecraft server is already running.
Sat Jul 13 03:19:01 UTC 2024: Minecraft server is already running.
Sat Jul 13 03:20:01 UTC 2024: Minecraft server is already running.
Sat Jul 13 03:21:01 UTC 2024: Minecraft server is already running.
Sat Jul 13 03:22:02 UTC 2024: Minecraft server is already running.
Sat Jul 13 03:23:01 UTC 2024: Minecraft server is already running.
Sat Jul 13 03:24:01 UTC 2024: Minecraft server is already running.
Sat Jul 13 03:25:01 UTC 2024: Minecraft server is already running.
Sat Jul 13 03:26:01 UTC 2024: Minecraft server is already running.
Sat Jul 13 03:27:01 UTC 2024: Minecraft server is already running.
Sat Jul 13 03:28:01 UTC 2024: Minecraft server is already running.
Sat Jul 13 03:29:01 UTC 2024: Minecraft server is already running.
Sat Jul 13 03:30:01 UTC 2024: Minecraft server is already running.
Sat Jul 13 03:31:01 UTC 2024: Minecraft server is already running.
Sat Jul 13 03:32:01 UTC 2024: Minecraft server is already running.
Sat Jul 13 03:33:01 UTC 2024: Minecraft server is already running.
Sat Jul 13 03:34:01 UTC 2024: Minecraft server is already running.
Sat Jul 13 03:35:01 UTC 2024: Minecraft server is already running.
Sat Jul 13 03:36:01 UTC 2024: Minecraft server is already running.
Sat Jul 13 03:37:01 UTC 2024: Minecraft server is already running.
Sat Jul 13 03:38:01 UTC 2024: Minecraft server is already running.
Sat Jul 13 03:39:01 UTC 2024: Minecraft server is already running.
Sat Jul 13 03:40:01 UTC 2024: Minecraft server is already running.
Sat Jul 13 03:41:01 UTC 2024: Minecraft server is already running.
Sat Jul 13 03:42:01 UTC 2024: Minecraft server is already running.
Sat Jul 13 03:43:01 UTC 2024: Minecraft server is already running.
Sat Jul 13 03:44:01 UTC 2024: Minecraft server is already running.
Sat Jul 13 03:45:01 UTC 2024: Minecraft server is already running.
Sat Jul 13 03:46:01 UTC 2024: Minecraft server is already running.
Sat Jul 13 03:47:01 UTC 2024: Minecraft server is already running.
Sat Jul 13 03:48:01 UTC 2024: Minecraft server is already running.
Sat Jul 13 03:49:01 UTC 2024: Minecraft server is already running.
Sat Jul 13 03:50:01 UTC 2024: Minecraft server is already running.
Sat Jul 13 03:51:01 UTC 2024: Minecraft server is already running.
Sat Jul 13 03:52:01 UTC 2024: Minecraft server is already running.
Sat Jul 13 03:53:01 UTC 2024: Minecraft server is already running.
Sat Jul 13 03:54:01 UTC 2024: Minecraft server is already running.
Sat Jul 13 03:55:01 UTC 2024: Minecraft server is already running.
Sat Jul 13 03:56:01 UTC 2024: Minecraft server is already running.
Sat Jul 13 03:57:01 UTC 2024: Minecraft server is already running.
Sat Jul 13 03:58:01 UTC 2024: Minecraft server is already running.
Sat Jul 13 03:59:02 UTC 2024: Minecraft server is already running.
Sat Jul 13 04:00:01 UTC 2024: Minecraft server is already running.
Sat Jul 13 04:01:01 UTC 2024: Minecraft server is already running.
Sat Jul 13 04:02:01 UTC 2024: Minecraft server is already running.
Sat Jul 13 04:03:01 UTC 2024: Minecraft server is already running.
Sat Jul 13 04:04:01 UTC 2024: Minecraft server is already running.
Sat Jul 13 04:05:01 UTC 2024: Minecraft server is already running.
Sat Jul 13 04:06:01 UTC 2024: Minecraft server is already running.
Sat Jul 13 04:07:01 UTC 2024: Minecraft server is already running.
Sat Jul 13 04:08:01 UTC 2024: Minecraft server is already running.
Sat Jul 13 04:09:01 UTC 2024: Minecraft server is already running.
Sat Jul 13 04:10:01 UTC 2024: Minecraft server is already running.
Sat Jul 13 04:11:01 UTC 2024: Minecraft server is already running.
Sat Jul 13 04:12:01 UTC 2024: Minecraft server is already running.
Sat Jul 13 04:13:01 UTC 2024: Minecraft server is already running.
Sat Jul 13 04:14:01 UTC 2024: Minecraft server is already running.
Sat Jul 13 04:15:01 UTC 2024: Minecraft server is already running.
Sat Jul 13 04:16:01 UTC 2024: Minecraft server is already running.
Sat Jul 13 04:17:01 UTC 2024: Minecraft server is already running.
Sat Jul 13 04:18:01 UTC 2024: Minecraft server is already running.
Sat Jul 13 04:19:01 UTC 2024: Minecraft server is already running.
Sat Jul 13 04:20:01 UTC 2024: Minecraft server is already running.
Sat Jul 13 04:21:01 UTC 2024: Minecraft server is already running.
Sat Jul 13 04:22:01 UTC 2024: Minecraft server is already running.
Sat Jul 13 04:23:01 UTC 2024: Minecraft server is already running.
Sat Jul 13 04:24:01 UTC 2024: Minecraft server is already running.
Sat Jul 13 04:25:01 UTC 2024: Minecraft server is already running.
Sat Jul 13 04:26:01 UTC 2024: Minecraft server is already running.
Sat Jul 13 04:27:01 UTC 2024: Minecraft server is already running.
Sat Jul 13 04:28:01 UTC 2024: Minecraft server is already running.
Sat Jul 13 04:29:01 UTC 2024: Minecraft server is already running.
Sat Jul 13 04:30:01 UTC 2024: Minecraft server is already running.
Sat Jul 13 04:31:01 UTC 2024: Minecraft server is already running.
Sat Jul 13 04:32:01 UTC 2024: Minecraft server is already running.
Sat Jul 13 04:33:01 UTC 2024: Minecraft server is already running.
Sat Jul 13 04:34:01 UTC 2024: Minecraft server is already running.
Sat Jul 13 04:35:02 UTC 2024: Minecraft server is already running.
Sat Jul 13 04:36:01 UTC 2024: Minecraft server is already running.
Sat Jul 13 04:37:01 UTC 2024: Minecraft server is already running.
Sat Jul 13 04:38:01 UTC 2024: Minecraft server is already running.
Sat Jul 13 04:39:01 UTC 2024: Minecraft server is already running.
Sat Jul 13 04:40:01 UTC 2024: Minecraft server is already running.
Sat Jul 13 04:41:01 UTC 2024: Minecraft server is already running.
Sat Jul 13 04:42:01 UTC 2024: Minecraft server is already running.
Sat Jul 13 04:43:01 UTC 2024: Minecraft server is already running.
Sat Jul 13 04:44:01 UTC 2024: Minecraft server is already running.
Sat Jul 13 04:45:01 UTC 2024: Minecraft server is already running.
Sat Jul 13 04:46:01 UTC 2024: Minecraft server is already running.
Sat Jul 13 04:47:01 UTC 2024: Minecraft server is already running.
Sat Jul 13 04:48:01 UTC 2024: Minecraft server is already running.
Sat Jul 13 04:49:01 UTC 2024: Minecraft server is already running.
Sat Jul 13 04:50:01 UTC 2024: Minecraft server is already running.
Sat Jul 13 04:51:01 UTC 2024: Minecraft server is already running.
Sat Jul 13 04:52:01 UTC 2024: Minecraft server is already running.
Sat Jul 13 04:53:01 UTC 2024: Minecraft server is already running.
Sat Jul 13 04:54:01 UTC 2024: Minecraft server is already running.
Sat Jul 13 04:55:01 UTC 2024: Minecraft server is already running.
Sat Jul 13 04:56:01 UTC 2024: Minecraft server is already running.
Sat Jul 13 04:57:01 UTC 2024: Minecraft server is already running.
Sat Jul 13 04:58:01 UTC 2024: Minecraft server is already running.
Sat Jul 13 04:59:01 UTC 2024: Minecraft server is already running.
Sat Jul 13 05:00:01 UTC 2024: Minecraft server is already running.
Sat Jul 13 05:01:01 UTC 2024: Minecraft server is already running.
Sat Jul 13 05:02:01 UTC 2024: Minecraft server is already running.
Sat Jul 13 05:03:01 UTC 2024: Minecraft server is already running.
Sat Jul 13 05:04:01 UTC 2024: Minecraft server is already running.
Sat Jul 13 05:05:01 UTC 2024: Minecraft server is already running.
Sat Jul 13 05:06:01 UTC 2024: Minecraft server is already running.
Sat Jul 13 05:07:01 UTC 2024: Minecraft server is already running.
Sat Jul 13 05:08:01 UTC 2024: Minecraft server is already running.
Sat Jul 13 05:09:01 UTC 2024: Minecraft server is already running.
Sat Jul 13 05:10:01 UTC 2024: Minecraft server is already running.
Sat Jul 13 05:11:01 UTC 2024: Minecraft server is already running.
Sat Jul 13 05:12:02 UTC 2024: Minecraft server is already running.
Sat Jul 13 05:13:01 UTC 2024: Minecraft server is already running.
Sat Jul 13 05:14:01 UTC 2024: Minecraft server is already running.
Sat Jul 13 05:15:01 UTC 2024: Minecraft server is already running.
Sat Jul 13 05:16:01 UTC 2024: Minecraft server is already running.
Sat Jul 13 05:17:01 UTC 2024: Minecraft server is already running.
Sat Jul 13 05:18:01 UTC 2024: Minecraft server is already running.
Sat Jul 13 05:19:01 UTC 2024: Minecraft server is already running.
Sat Jul 13 05:20:01 UTC 2024: Minecraft server is already running.
Sat Jul 13 05:21:01 UTC 2024: Minecraft server is already running.
Sat Jul 13 05:22:01 UTC 2024: Minecraft server is already running.
Sat Jul 13 05:23:01 UTC 2024: Minecraft server is already running.
Sat Jul 13 05:24:01 UTC 2024: Minecraft server is already running.
Sat Jul 13 05:25:01 UTC 2024: Minecraft server is already running.
Sat Jul 13 05:26:01 UTC 2024: Minecraft server is already running.
Sat Jul 13 05:27:01 UTC 2024: Minecraft server is already running.
Sat Jul 13 05:28:01 UTC 2024: Minecraft server is already running.
Sat Jul 13 05:29:01 UTC 2024: Minecraft server is already running.
Sat Jul 13 05:30:01 UTC 2024: Minecraft server is already running.
Sat Jul 13 05:31:01 UTC 2024: Minecraft server is already running.
Sat Jul 13 05:32:01 UTC 2024: Minecraft server is already running.
Sat Jul 13 05:33:01 UTC 2024: Minecraft server is already running.
Sat Jul 13 05:34:01 UTC 2024: Minecraft server is already running.
Sat Jul 13 05:35:01 UTC 2024: Minecraft server is already running.
Sat Jul 13 05:36:01 UTC 2024: Minecraft server is already running.
Sat Jul 13 05:37:01 UTC 2024: Minecraft server is already running.
Sat Jul 13 05:38:01 UTC 2024: Minecraft server is already running.
Sat Jul 13 05:39:01 UTC 2024: Minecraft server is already running.
Sat Jul 13 05:40:01 UTC 2024: Minecraft server is already running.
Sat Jul 13 05:41:01 UTC 2024: Minecraft server is already running.
Sat Jul 13 05:42:01 UTC 2024: Minecraft server is already running.
Sat Jul 13 05:43:01 UTC 2024: Minecraft server is already running.
Sat Jul 13 05:44:01 UTC 2024: Minecraft server is already running.
Sat Jul 13 05:45:01 UTC 2024: Minecraft server is already running.
Sat Jul 13 05:46:01 UTC 2024: Minecraft server is already running.
Sat Jul 13 05:47:01 UTC 2024: Minecraft server is already running.
Sat Jul 13 05:48:01 UTC 2024: Minecraft server is already running.
Sat Jul 13 05:49:01 UTC 2024: Minecraft server is already running.
Sat Jul 13 05:50:02 UTC 2024: Minecraft server is already running.
Sat Jul 13 05:51:01 UTC 2024: Minecraft server is already running.
Sat Jul 13 05:52:01 UTC 2024: Minecraft server is already running.
Sat Jul 13 05:53:01 UTC 2024: Minecraft server is already running.
Sat Jul 13 05:54:01 UTC 2024: Minecraft server is already running.
Sat Jul 13 05:55:01 UTC 2024: Minecraft server is already running.
Sat Jul 13 05:56:01 UTC 2024: Minecraft server is already running.
Sat Jul 13 05:57:01 UTC 2024: Minecraft server is already running.
Sat Jul 13 05:58:01 UTC 2024: Minecraft server is already running.
Sat Jul 13 05:59:01 UTC 2024: Minecraft server is already running.
Sat Jul 13 06:00:01 UTC 2024: Minecraft server is already running.
Sat Jul 13 06:01:01 UTC 2024: Minecraft server is already running.
Sat Jul 13 06:02:01 UTC 2024: Minecraft server is already running.
Sat Jul 13 06:03:01 UTC 2024: Minecraft server is already running.
Sat Jul 13 06:04:01 UTC 2024: Minecraft server is already running.
Sat Jul 13 06:05:01 UTC 2024: Minecraft server is already running.
Sat Jul 13 06:06:01 UTC 2024: Minecraft server is already running.
Sat Jul 13 06:07:01 UTC 2024: Minecraft server is already running.
Sat Jul 13 06:08:01 UTC 2024: Minecraft server is already running.
Sat Jul 13 06:09:01 UTC 2024: Minecraft server is already running.
Sat Jul 13 06:10:01 UTC 2024: Minecraft server is already running.
Sat Jul 13 06:11:01 UTC 2024: Minecraft server is already running.
Sat Jul 13 06:12:01 UTC 2024: Minecraft server is already running.
Sat Jul 13 06:13:01 UTC 2024: Minecraft server is already running.
Sat Jul 13 06:14:01 UTC 2024: Minecraft server is already running.
Sat Jul 13 06:15:01 UTC 2024: Minecraft server is already running.
Sat Jul 13 06:16:01 UTC 2024: Minecraft server is already running.
Sat Jul 13 06:17:01 UTC 2024: Minecraft server is already running.
Sat Jul 13 06:18:01 UTC 2024: Minecraft server is already running.
Sat Jul 13 06:19:01 UTC 2024: Minecraft server is already running.
Sat Jul 13 06:20:01 UTC 2024: Minecraft server is already running.
Sat Jul 13 06:21:01 UTC 2024: Minecraft server is already running.
Sat Jul 13 06:22:01 UTC 2024: Minecraft server is already running.
Sat Jul 13 06:23:01 UTC 2024: Minecraft server is already running.
Sat Jul 13 06:24:01 UTC 2024: Minecraft server is already running.
Sat Jul 13 06:25:02 UTC 2024: Minecraft server is already running.
Sat Jul 13 06:26:01 UTC 2024: Minecraft server is already running.
Sat Jul 13 06:27:01 UTC 2024: Minecraft server is already running.
Sat Jul 13 06:28:01 UTC 2024: Minecraft server is already running.
Sat Jul 13 06:29:01 UTC 2024: Minecraft server is already running.
Sat Jul 13 06:30:01 UTC 2024: Minecraft server is already running.
Sat Jul 13 06:31:01 UTC 2024: Minecraft server is already running.
Sat Jul 13 06:32:01 UTC 2024: Minecraft server is already running.
Sat Jul 13 06:33:01 UTC 2024: Minecraft server is already running.
Sat Jul 13 06:34:01 UTC 2024: Minecraft server is already running.
Sat Jul 13 06:35:01 UTC 2024: Minecraft server is already running.
Sat Jul 13 06:36:01 UTC 2024: Minecraft server is already running.
Sat Jul 13 06:37:01 UTC 2024: Minecraft server is already running.
Sat Jul 13 06:38:01 UTC 2024: Minecraft server is already running.
Sat Jul 13 06:39:01 UTC 2024: Minecraft server is already running.
Sat Jul 13 06:40:01 UTC 2024: Minecraft server is already running.
Sat Jul 13 06:41:01 UTC 2024: Minecraft server is already running.
Sat Jul 13 06:42:01 UTC 2024: Minecraft server is already running.
Sat Jul 13 06:43:01 UTC 2024: Minecraft server is already running.
Sat Jul 13 06:44:01 UTC 2024: Minecraft server is already running.
Sat Jul 13 06:45:01 UTC 2024: Minecraft server is already running.
Sat Jul 13 06:46:01 UTC 2024: Minecraft server is already running.
Sat Jul 13 06:47:01 UTC 2024: Minecraft server is already running.
Sat Jul 13 06:48:01 UTC 2024: Minecraft server is already running.
Sat Jul 13 06:49:01 UTC 2024: Minecraft server is already running.
Sat Jul 13 06:50:01 UTC 2024: Minecraft server is already running.
Sat Jul 13 06:51:01 UTC 2024: Minecraft server is already running.
Sat Jul 13 06:52:01 UTC 2024: Minecraft server is already running.
Sat Jul 13 06:53:01 UTC 2024: Minecraft server is already running.
Sat Jul 13 06:54:01 UTC 2024: Minecraft server is already running.
Sat Jul 13 06:55:01 UTC 2024: Minecraft server is already running.
Sat Jul 13 06:56:01 UTC 2024: Minecraft server is already running.
Sat Jul 13 06:57:01 UTC 2024: Minecraft server is already running.
Sat Jul 13 06:58:01 UTC 2024: Minecraft server is already running.
Sat Jul 13 06:59:02 UTC 2024: Minecraft server is already running.
Sat Jul 13 07:00:01 UTC 2024: Minecraft server is already running.
Sat Jul 13 07:01:01 UTC 2024: Minecraft server is already running.
Sat Jul 13 07:02:01 UTC 2024: Minecraft server is already running.
Sat Jul 13 07:03:01 UTC 2024: Minecraft server is already running.
Sat Jul 13 07:04:01 UTC 2024: Minecraft server is already running.
Sat Jul 13 07:05:01 UTC 2024: Minecraft server is already running.
Sat Jul 13 07:06:01 UTC 2024: Minecraft server is already running.
Sat Jul 13 07:07:01 UTC 2024: Minecraft server is already running.
Sat Jul 13 07:08:01 UTC 2024: Minecraft server is already running.
Sat Jul 13 07:09:01 UTC 2024: Minecraft server is already running.
Sat Jul 13 07:10:01 UTC 2024: Minecraft server is already running.
Sat Jul 13 07:11:01 UTC 2024: Minecraft server is already running.
Sat Jul 13 07:12:01 UTC 2024: Minecraft server is already running.
Sat Jul 13 07:13:01 UTC 2024: Minecraft server is already running.
Sat Jul 13 07:14:01 UTC 2024: Minecraft server is already running.
Sat Jul 13 07:15:01 UTC 2024: Minecraft server is already running.
Sat Jul 13 07:16:01 UTC 2024: Minecraft server is already running.
Sat Jul 13 07:17:01 UTC 2024: Minecraft server is already running.
Sat Jul 13 07:18:01 UTC 2024: Minecraft server is already running.
Sat Jul 13 07:19:01 UTC 2024: Minecraft server is already running.
Sat Jul 13 07:20:01 UTC 2024: Minecraft server is already running.
Sat Jul 13 07:21:01 UTC 2024: Minecraft server is already running.
Sat Jul 13 07:22:01 UTC 2024: Minecraft server is already running.
Sat Jul 13 07:23:01 UTC 2024: Minecraft server is already running.
Sat Jul 13 07:24:01 UTC 2024: Minecraft server is already running.
Sat Jul 13 07:25:01 UTC 2024: Minecraft server is already running.
Sat Jul 13 07:26:01 UTC 2024: Minecraft server is already running.
Sat Jul 13 07:27:01 UTC 2024: Minecraft server is already running.
Sat Jul 13 07:28:01 UTC 2024: Minecraft server is already running.
Sat Jul 13 07:29:01 UTC 2024: Minecraft server is already running.
Sat Jul 13 07:30:01 UTC 2024: Minecraft server is already running.
Sat Jul 13 07:31:01 UTC 2024: Minecraft server is already running.
Sat Jul 13 07:32:01 UTC 2024: Minecraft server is already running.
Sat Jul 13 07:33:02 UTC 2024: Minecraft server is already running.
Sat Jul 13 07:34:01 UTC 2024: Minecraft server is already running.
Sat Jul 13 07:35:01 UTC 2024: Minecraft server is already running.
Sat Jul 13 07:36:01 UTC 2024: Minecraft server is already running.
Sat Jul 13 07:37:01 UTC 2024: Minecraft server is already running.
Sat Jul 13 07:38:01 UTC 2024: Minecraft server is already running.
Sat Jul 13 07:39:01 UTC 2024: Minecraft server is already running.
Sat Jul 13 07:40:01 UTC 2024: Minecraft server is already running.
Sat Jul 13 07:41:01 UTC 2024: Minecraft server is already running.
Sat Jul 13 07:42:01 UTC 2024: Minecraft server is already running.
Sat Jul 13 07:43:01 UTC 2024: Minecraft server is already running.
Sat Jul 13 07:44:01 UTC 2024: Minecraft server is already running.
Sat Jul 13 07:45:01 UTC 2024: Minecraft server is already running.
Sat Jul 13 07:46:01 UTC 2024: Minecraft server is already running.
Sat Jul 13 07:47:01 UTC 2024: Minecraft server is already running.
Sat Jul 13 07:48:01 UTC 2024: Minecraft server is already running.
Sat Jul 13 07:49:01 UTC 2024: Minecraft server is already running.
Sat Jul 13 07:50:01 UTC 2024: Minecraft server is already running.
Sat Jul 13 07:51:01 UTC 2024: Minecraft server is already running.
Sat Jul 13 07:52:01 UTC 2024: Minecraft server is already running.
Sat Jul 13 07:53:01 UTC 2024: Minecraft server is already running.
Sat Jul 13 07:54:01 UTC 2024: Minecraft server is already running.
Sat Jul 13 07:55:01 UTC 2024: Minecraft server is already running.
Sat Jul 13 07:56:01 UTC 2024: Minecraft server is already running.
Sat Jul 13 07:57:01 UTC 2024: Minecraft server is already running.
Sat Jul 13 07:58:01 UTC 2024: Minecraft server is already running.
Sat Jul 13 07:59:01 UTC 2024: Minecraft server is already running.
Sat Jul 13 08:00:01 UTC 2024: Minecraft server is already running.
Sat Jul 13 08:01:01 UTC 2024: Minecraft server is already running.
Sat Jul 13 08:02:01 UTC 2024: Minecraft server is already running.
Sat Jul 13 08:03:01 UTC 2024: Minecraft server is already running.
Sat Jul 13 08:04:01 UTC 2024: Minecraft server is already running.
Sat Jul 13 08:05:01 UTC 2024: Minecraft server is already running.
Sat Jul 13 08:06:01 UTC 2024: Minecraft server is already running.
Sat Jul 13 08:07:02 UTC 2024: Minecraft server is already running.
Sat Jul 13 08:08:01 UTC 2024: Minecraft server is already running.
Sat Jul 13 08:09:01 UTC 2024: Minecraft server is already running.
Sat Jul 13 08:10:01 UTC 2024: Minecraft server is already running.
Sat Jul 13 08:11:01 UTC 2024: Minecraft server is already running.
Sat Jul 13 08:12:01 UTC 2024: Minecraft server is already running.
Sat Jul 13 08:13:01 UTC 2024: Minecraft server is already running.
Sat Jul 13 08:14:01 UTC 2024: Minecraft server is already running.
Sat Jul 13 08:15:01 UTC 2024: Minecraft server is already running.
Sat Jul 13 08:16:01 UTC 2024: Minecraft server is already running.
Sat Jul 13 08:17:01 UTC 2024: Minecraft server is already running.
Sat Jul 13 08:18:01 UTC 2024: Minecraft server is already running.
Sat Jul 13 08:19:01 UTC 2024: Minecraft server is already running.
Sat Jul 13 08:20:01 UTC 2024: Minecraft server is already running.
Sat Jul 13 08:21:01 UTC 2024: Minecraft server is already running.
Sat Jul 13 08:22:01 UTC 2024: Minecraft server is already running.
Sat Jul 13 08:23:01 UTC 2024: Minecraft server is already running.
Sat Jul 13 08:24:01 UTC 2024: Minecraft server is already running.
Sat Jul 13 08:25:01 UTC 2024: Minecraft server is already running.
Sat Jul 13 08:26:01 UTC 2024: Minecraft server is already running.
Sat Jul 13 08:27:01 UTC 2024: Minecraft server is already running.
Sat Jul 13 08:28:01 UTC 2024: Minecraft server is already running.
Sat Jul 13 08:29:01 UTC 2024: Minecraft server is already running.
Sat Jul 13 08:30:01 UTC 2024: Minecraft server is already running.
Sat Jul 13 08:31:01 UTC 2024: Minecraft server is already running.
Sat Jul 13 08:32:01 UTC 2024: Minecraft server is already running.
Sat Jul 13 08:33:01 UTC 2024: Minecraft server is already running.
Sat Jul 13 08:34:01 UTC 2024: Minecraft server is already running.
Sat Jul 13 08:35:01 UTC 2024: Minecraft server is already running.
Sat Jul 13 08:36:01 UTC 2024: Minecraft server is already running.
Sat Jul 13 08:37:01 UTC 2024: Minecraft server is already running.
Sat Jul 13 08:38:01 UTC 2024: Minecraft server is already running.
Sat Jul 13 08:39:01 UTC 2024: Minecraft server is already running.
Sat Jul 13 08:40:01 UTC 2024: Minecraft server is already running.
Sat Jul 13 08:41:02 UTC 2024: Minecraft server is already running.
Sat Jul 13 08:42:01 UTC 2024: Minecraft server is already running.
Sat Jul 13 08:43:01 UTC 2024: Minecraft server is already running.
Sat Jul 13 08:44:01 UTC 2024: Minecraft server is already running.
Sat Jul 13 08:45:01 UTC 2024: Minecraft server is already running.
Sat Jul 13 08:46:01 UTC 2024: Minecraft server is already running.
Sat Jul 13 08:47:01 UTC 2024: Minecraft server is already running.
Sat Jul 13 08:48:01 UTC 2024: Minecraft server is already running.
Sat Jul 13 08:49:01 UTC 2024: Minecraft server is already running.
Sat Jul 13 08:50:01 UTC 2024: Minecraft server is already running.
Sat Jul 13 08:51:01 UTC 2024: Minecraft server is already running.
Sat Jul 13 08:52:01 UTC 2024: Minecraft server is already running.
Sat Jul 13 08:53:01 UTC 2024: Minecraft server is already running.
Sat Jul 13 08:54:01 UTC 2024: Minecraft server is already running.
Sat Jul 13 08:55:01 UTC 2024: Minecraft server is already running.
Sat Jul 13 08:56:01 UTC 2024: Minecraft server is already running.
Sat Jul 13 08:57:01 UTC 2024: Minecraft server is already running.
Sat Jul 13 08:58:01 UTC 2024: Minecraft server is already running.
Sat Jul 13 08:59:01 UTC 2024: Minecraft server is already running.
Sat Jul 13 09:00:01 UTC 2024: Minecraft server is already running.
Sat Jul 13 09:01:01 UTC 2024: Minecraft server is already running.
Sat Jul 13 09:02:01 UTC 2024: Minecraft server is already running.
Sat Jul 13 09:03:01 UTC 2024: Minecraft server is already running.
Sat Jul 13 09:04:01 UTC 2024: Minecraft server is already running.
Sat Jul 13 09:05:01 UTC 2024: Minecraft server is already running.
Sat Jul 13 09:06:01 UTC 2024: Minecraft server is already running.
Sat Jul 13 09:07:01 UTC 2024: Minecraft server is already running.
Sat Jul 13 09:08:01 UTC 2024: Minecraft server is already running.
Sat Jul 13 09:09:01 UTC 2024: Minecraft server is already running.
Sat Jul 13 09:10:01 UTC 2024: Minecraft server is already running.
Sat Jul 13 09:11:01 UTC 2024: Minecraft server is already running.
Sat Jul 13 09:12:01 UTC 2024: Minecraft server is already running.
Sat Jul 13 09:13:01 UTC 2024: Minecraft server is already running.
Sat Jul 13 09:14:01 UTC 2024: Minecraft server is already running.
Sat Jul 13 09:15:02 UTC 2024: Minecraft server is already running.
Sat Jul 13 09:16:01 UTC 2024: Minecraft server is already running.
Sat Jul 13 09:17:01 UTC 2024: Minecraft server is already running.
Sat Jul 13 09:18:01 UTC 2024: Minecraft server is already running.
Sat Jul 13 09:19:01 UTC 2024: Minecraft server is already running.
Sat Jul 13 09:20:01 UTC 2024: Minecraft server is already running.
Sat Jul 13 09:21:01 UTC 2024: Minecraft server is already running.
Sat Jul 13 09:22:01 UTC 2024: Minecraft server is already running.
Sat Jul 13 09:23:01 UTC 2024: Minecraft server is already running.
Sat Jul 13 09:24:01 UTC 2024: Minecraft server is already running.
Sat Jul 13 09:25:01 UTC 2024: Minecraft server is already running.
Sat Jul 13 09:26:01 UTC 2024: Minecraft server is already running.
Sat Jul 13 09:27:01 UTC 2024: Minecraft server is already running.
Sat Jul 13 09:28:01 UTC 2024: Minecraft server is already running.
Sat Jul 13 09:29:01 UTC 2024: Minecraft server is already running.
Sat Jul 13 09:30:01 UTC 2024: Minecraft server is already running.
Sat Jul 13 09:31:01 UTC 2024: Minecraft server is already running.
Sat Jul 13 09:32:01 UTC 2024: Minecraft server is already running.
Sat Jul 13 09:33:01 UTC 2024: Minecraft server is already running.
Sat Jul 13 09:34:01 UTC 2024: Minecraft server is already running.
Sat Jul 13 09:35:01 UTC 2024: Minecraft server is already running.
Sat Jul 13 09:36:01 UTC 2024: Minecraft server is already running.
Sat Jul 13 09:37:01 UTC 2024: Minecraft server is already running.
Sat Jul 13 09:38:01 UTC 2024: Minecraft server is already running.
Sat Jul 13 09:39:01 UTC 2024: Minecraft server is already running.
Sat Jul 13 09:40:01 UTC 2024: Minecraft server is already running.
Sat Jul 13 09:41:01 UTC 2024: Minecraft server is already running.
Sat Jul 13 09:42:01 UTC 2024: Minecraft server is already running.
Sat Jul 13 09:43:01 UTC 2024: Minecraft server is already running.
Sat Jul 13 09:44:01 UTC 2024: Minecraft server is already running.
Sat Jul 13 09:45:01 UTC 2024: Minecraft server is already running.
Sat Jul 13 09:46:01 UTC 2024: Minecraft server is already running.
Sat Jul 13 09:47:01 UTC 2024: Minecraft server is already running.
Sat Jul 13 09:48:01 UTC 2024: Minecraft server is already running.
Sat Jul 13 09:49:01 UTC 2024: Minecraft server is already running.
Sat Jul 13 09:50:02 UTC 2024: Minecraft server is already running.
Sat Jul 13 09:51:01 UTC 2024: Minecraft server is already running.
Sat Jul 13 09:52:01 UTC 2024: Minecraft server is already running.
Sat Jul 13 09:53:01 UTC 2024: Minecraft server is already running.
Sat Jul 13 09:54:01 UTC 2024: Minecraft server is already running.
Sat Jul 13 09:55:01 UTC 2024: Minecraft server is already running.
Sat Jul 13 09:56:01 UTC 2024: Minecraft server is already running.
Sat Jul 13 09:57:01 UTC 2024: Minecraft server is already running.
Sat Jul 13 09:58:01 UTC 2024: Minecraft server is already running.
Sat Jul 13 09:59:01 UTC 2024: Minecraft server is already running.
Sat Jul 13 10:00:01 UTC 2024: Minecraft server is already running.
Sat Jul 13 10:01:01 UTC 2024: Minecraft server is already running.
Sat Jul 13 10:02:01 UTC 2024: Minecraft server is already running.
Sat Jul 13 10:03:01 UTC 2024: Minecraft server is already running.
Sat Jul 13 10:04:01 UTC 2024: Minecraft server is already running.
Sat Jul 13 10:05:01 UTC 2024: Minecraft server is already running.
Sat Jul 13 10:06:01 UTC 2024: Minecraft server is already running.
Sat Jul 13 10:07:01 UTC 2024: Minecraft server is already running.
Sat Jul 13 10:08:01 UTC 2024: Minecraft server is already running.
Sat Jul 13 10:09:01 UTC 2024: Minecraft server is already running.
Sat Jul 13 10:10:01 UTC 2024: Minecraft server is already running.
Sat Jul 13 10:11:01 UTC 2024: Minecraft server is already running.
Sat Jul 13 10:12:01 UTC 2024: Minecraft server is already running.
Sat Jul 13 10:13:01 UTC 2024: Minecraft server is already running.
Sat Jul 13 10:14:01 UTC 2024: Minecraft server is already running.
Sat Jul 13 10:15:01 UTC 2024: Minecraft server is already running.
Sat Jul 13 10:16:01 UTC 2024: Minecraft server is already running.
Sat Jul 13 10:17:01 UTC 2024: Minecraft server is already running.
Sat Jul 13 10:18:01 UTC 2024: Minecraft server is already running.
Sat Jul 13 10:19:01 UTC 2024: Minecraft server is already running.
Sat Jul 13 10:20:02 UTC 2024: Minecraft server is already running.
Sat Jul 13 10:21:01 UTC 2024: Minecraft server is already running.
Sat Jul 13 10:22:01 UTC 2024: Minecraft server is already running.
Sat Jul 13 10:23:01 UTC 2024: Minecraft server is already running.
Sat Jul 13 10:24:01 UTC 2024: Minecraft server is already running.
Sat Jul 13 10:25:01 UTC 2024: Minecraft server is already running.
Sat Jul 13 10:26:01 UTC 2024: Minecraft server is already running.
Sat Jul 13 10:27:01 UTC 2024: Minecraft server is already running.
Sat Jul 13 10:28:01 UTC 2024: Minecraft server is already running.
Sat Jul 13 10:29:01 UTC 2024: Minecraft server is already running.
Sat Jul 13 10:30:01 UTC 2024: Minecraft server is already running.
Sat Jul 13 10:31:01 UTC 2024: Minecraft server is already running.
Sat Jul 13 10:32:01 UTC 2024: Minecraft server is already running.
Sat Jul 13 10:33:01 UTC 2024: Minecraft server is already running.
Sat Jul 13 10:34:01 UTC 2024: Minecraft server is already running.
Sat Jul 13 10:35:01 UTC 2024: Minecraft server is already running.
Sat Jul 13 10:36:01 UTC 2024: Minecraft server is already running.
Sat Jul 13 10:37:01 UTC 2024: Minecraft server is already running.
Sat Jul 13 10:38:01 UTC 2024: Minecraft server is already running.
Sat Jul 13 10:39:01 UTC 2024: Minecraft server is already running.
Sat Jul 13 10:40:01 UTC 2024: Minecraft server is already running.
Sat Jul 13 10:41:01 UTC 2024: Minecraft server is already running.
Sat Jul 13 10:42:01 UTC 2024: Minecraft server is already running.
Sat Jul 13 10:43:01 UTC 2024: Minecraft server is already running.
Sat Jul 13 10:44:01 UTC 2024: Minecraft server is already running.
Sat Jul 13 10:45:01 UTC 2024: Minecraft server is already running.
Sat Jul 13 10:46:01 UTC 2024: Minecraft server is already running.
Sat Jul 13 10:47:01 UTC 2024: Minecraft server is already running.
Sat Jul 13 10:48:01 UTC 2024: Minecraft server is already running.
Sat Jul 13 10:49:01 UTC 2024: Minecraft server is already running.
Sat Jul 13 10:50:01 UTC 2024: Minecraft server is already running.
Sat Jul 13 10:51:01 UTC 2024: Minecraft server is already running.
Sat Jul 13 10:52:01 UTC 2024: Minecraft server is already running.
Sat Jul 13 10:53:02 UTC 2024: Minecraft server is already running.
Sat Jul 13 10:54:01 UTC 2024: Minecraft server is already running.
Sat Jul 13 10:55:01 UTC 2024: Minecraft server is already running.
Sat Jul 13 10:56:01 UTC 2024: Minecraft server is already running.
Sat Jul 13 10:57:01 UTC 2024: Minecraft server is already running.
Sat Jul 13 10:58:01 UTC 2024: Minecraft server is already running.
Sat Jul 13 10:59:01 UTC 2024: Minecraft server is already running.
Sat Jul 13 11:00:01 UTC 2024: Minecraft server is already running.
Sat Jul 13 11:01:01 UTC 2024: Minecraft server is already running.
Sat Jul 13 11:02:01 UTC 2024: Minecraft server is already running.
Sat Jul 13 11:03:01 UTC 2024: Minecraft server is already running.
Sat Jul 13 11:04:01 UTC 2024: Minecraft server is already running.
Sat Jul 13 11:05:01 UTC 2024: Minecraft server is already running.
Sat Jul 13 11:06:01 UTC 2024: Minecraft server is already running.
Sat Jul 13 11:07:01 UTC 2024: Minecraft server is already running.
Sat Jul 13 11:08:01 UTC 2024: Minecraft server is already running.
Sat Jul 13 11:09:01 UTC 2024: Minecraft server is already running.
Sat Jul 13 11:10:01 UTC 2024: Minecraft server is already running.
Sat Jul 13 11:11:01 UTC 2024: Minecraft server is already running.
Sat Jul 13 11:12:01 UTC 2024: Minecraft server is already running.
Sat Jul 13 11:13:01 UTC 2024: Minecraft server is already running.
Sat Jul 13 11:14:01 UTC 2024: Minecraft server is already running.
Sat Jul 13 11:15:01 UTC 2024: Minecraft server is already running.
Sat Jul 13 11:16:01 UTC 2024: Minecraft server is already running.
Sat Jul 13 11:17:01 UTC 2024: Minecraft server is already running.
Sat Jul 13 11:18:01 UTC 2024: Minecraft server is already running.
Sat Jul 13 11:19:01 UTC 2024: Minecraft server is already running.
Sat Jul 13 11:20:01 UTC 2024: Minecraft server is already running.
Sat Jul 13 11:21:01 UTC 2024: Minecraft server is already running.
Sat Jul 13 11:22:01 UTC 2024: Minecraft server is already running.
Sat Jul 13 11:23:01 UTC 2024: Minecraft server is already running.
Sat Jul 13 11:24:01 UTC 2024: Minecraft server is already running.
Sat Jul 13 11:25:01 UTC 2024: Minecraft server is already running.
Sat Jul 13 11:26:01 UTC 2024: Minecraft server is already running.
Sat Jul 13 11:27:01 UTC 2024: Minecraft server is already running.
Sat Jul 13 11:28:02 UTC 2024: Minecraft server is already running.
Sat Jul 13 11:29:01 UTC 2024: Minecraft server is already running.
Sat Jul 13 11:30:01 UTC 2024: Minecraft server is already running.
Sat Jul 13 11:31:01 UTC 2024: Minecraft server is already running.
Sat Jul 13 11:32:01 UTC 2024: Minecraft server is already running.
Sat Jul 13 11:33:01 UTC 2024: Minecraft server is already running.
Sat Jul 13 11:34:01 UTC 2024: Minecraft server is already running.
Sat Jul 13 11:35:01 UTC 2024: Minecraft server is already running.
Sat Jul 13 11:36:01 UTC 2024: Minecraft server is already running.
Sat Jul 13 11:37:01 UTC 2024: Minecraft server is already running.
Sat Jul 13 11:38:01 UTC 2024: Minecraft server is already running.
Sat Jul 13 11:39:01 UTC 2024: Minecraft server is already running.
Sat Jul 13 11:40:01 UTC 2024: Minecraft server is already running.
Sat Jul 13 11:41:01 UTC 2024: Minecraft server is already running.
Sat Jul 13 11:42:01 UTC 2024: Minecraft server is already running.
Sat Jul 13 11:43:01 UTC 2024: Minecraft server is already running.
Sat Jul 13 11:44:01 UTC 2024: Minecraft server is already running.
Sat Jul 13 11:45:01 UTC 2024: Minecraft server is already running.
Sat Jul 13 11:46:01 UTC 2024: Minecraft server is already running.
Sat Jul 13 11:47:01 UTC 2024: Minecraft server is already running.
Sat Jul 13 11:48:01 UTC 2024: Minecraft server is already running.
Sat Jul 13 11:49:01 UTC 2024: Minecraft server is already running.
Sat Jul 13 11:50:01 UTC 2024: Minecraft server is already running.
Sat Jul 13 11:51:01 UTC 2024: Minecraft server is already running.
Sat Jul 13 11:52:01 UTC 2024: Minecraft server is already running.
Sat Jul 13 11:53:01 UTC 2024: Minecraft server is already running.
Sat Jul 13 11:54:01 UTC 2024: Minecraft server is already running.
Sat Jul 13 11:55:01 UTC 2024: Minecraft server is already running.
Sat Jul 13 11:56:01 UTC 2024: Minecraft server is already running.
Sat Jul 13 11:57:01 UTC 2024: Minecraft server is already running.
Sat Jul 13 11:58:01 UTC 2024: Minecraft server is already running.
Sat Jul 13 11:59:01 UTC 2024: Minecraft server is already running.
Sat Jul 13 12:00:01 UTC 2024: Minecraft server is already running.
Sat Jul 13 12:01:01 UTC 2024: Minecraft server is already running.
Sat Jul 13 12:02:02 UTC 2024: Minecraft server is already running.
Sat Jul 13 12:03:02 UTC 2024: Minecraft server is already running.
Sat Jul 13 12:04:01 UTC 2024: Minecraft server is already running.
Sat Jul 13 12:05:01 UTC 2024: Minecraft server is already running.
Sat Jul 13 12:06:01 UTC 2024: Minecraft server is already running.
Sat Jul 13 12:07:01 UTC 2024: Minecraft server is already running.
Sat Jul 13 12:08:01 UTC 2024: Minecraft server is already running.
Sat Jul 13 12:09:01 UTC 2024: Minecraft server is already running.
Sat Jul 13 12:10:01 UTC 2024: Minecraft server is already running.
Sat Jul 13 12:11:01 UTC 2024: Minecraft server is already running.
Sat Jul 13 12:12:01 UTC 2024: Minecraft server is already running.
Sat Jul 13 12:13:01 UTC 2024: Minecraft server is already running.
Sat Jul 13 12:14:01 UTC 2024: Minecraft server is already running.
Sat Jul 13 12:15:01 UTC 2024: Minecraft server is already running.
Sat Jul 13 12:16:01 UTC 2024: Minecraft server is already running.
Sat Jul 13 12:17:01 UTC 2024: Minecraft server is already running.
Sat Jul 13 12:18:01 UTC 2024: Minecraft server is already running.
Sat Jul 13 12:19:01 UTC 2024: Minecraft server is already running.
Sat Jul 13 12:20:01 UTC 2024: Minecraft server is already running.
Sat Jul 13 12:21:01 UTC 2024: Minecraft server is already running.
Sat Jul 13 12:22:01 UTC 2024: Minecraft server is already running.
Sat Jul 13 12:23:01 UTC 2024: Minecraft server is already running.
Sat Jul 13 12:24:01 UTC 2024: Minecraft server is already running.
Sat Jul 13 12:25:01 UTC 2024: Minecraft server is already running.
Sat Jul 13 12:26:01 UTC 2024: Minecraft server is already running.
Sat Jul 13 12:27:01 UTC 2024: Minecraft server is already running.
Sat Jul 13 12:28:01 UTC 2024: Minecraft server is already running.
Sat Jul 13 12:29:01 UTC 2024: Minecraft server is already running.
Sat Jul 13 12:30:01 UTC 2024: Minecraft server is already running.
Sat Jul 13 12:31:01 UTC 2024: Minecraft server is already running.
Sat Jul 13 12:32:01 UTC 2024: Minecraft server is already running.
Sat Jul 13 12:33:01 UTC 2024: Minecraft server is already running.
Sat Jul 13 12:34:01 UTC 2024: Minecraft server is already running.
Sat Jul 13 12:35:01 UTC 2024: Minecraft server is already running.
Sat Jul 13 12:36:02 UTC 2024: Minecraft server is already running.
Sat Jul 13 12:37:01 UTC 2024: Minecraft server is already running.
Sat Jul 13 12:38:01 UTC 2024: Minecraft server is already running.
Sat Jul 13 12:39:01 UTC 2024: Minecraft server is already running.
Sat Jul 13 12:40:01 UTC 2024: Minecraft server is already running.
Sat Jul 13 12:41:01 UTC 2024: Minecraft server is already running.
Sat Jul 13 12:42:01 UTC 2024: Minecraft server is already running.
Sat Jul 13 12:43:01 UTC 2024: Minecraft server is already running.
Sat Jul 13 12:44:01 UTC 2024: Minecraft server is already running.
Sat Jul 13 12:45:01 UTC 2024: Minecraft server is already running.
Sat Jul 13 12:46:01 UTC 2024: Minecraft server is already running.
Sat Jul 13 12:47:01 UTC 2024: Minecraft server is already running.
Sat Jul 13 12:48:01 UTC 2024: Minecraft server is already running.
Sat Jul 13 12:49:01 UTC 2024: Minecraft server is already running.
Sat Jul 13 12:50:01 UTC 2024: Minecraft server is already running.
Sat Jul 13 12:51:01 UTC 2024: Minecraft server is already running.
Sat Jul 13 12:52:01 UTC 2024: Minecraft server is already running.
Sat Jul 13 12:53:01 UTC 2024: Minecraft server is already running.
Sat Jul 13 12:54:01 UTC 2024: Minecraft server is already running.
Sat Jul 13 12:55:01 UTC 2024: Minecraft server is already running.
Sat Jul 13 12:56:01 UTC 2024: Minecraft server is already running.
Sat Jul 13 12:57:01 UTC 2024: Minecraft server is already running.
Sat Jul 13 12:58:01 UTC 2024: Minecraft server is already running.
Sat Jul 13 12:59:01 UTC 2024: Minecraft server is already running.
Sat Jul 13 13:00:01 UTC 2024: Minecraft server is already running.
Sat Jul 13 13:01:01 UTC 2024: Minecraft server is already running.
Sat Jul 13 13:02:01 UTC 2024: Minecraft server is already running.
Sat Jul 13 13:03:01 UTC 2024: Minecraft server is already running.
Sat Jul 13 13:04:01 UTC 2024: Minecraft server is already running.
Sat Jul 13 13:05:01 UTC 2024: Minecraft server is already running.
Sat Jul 13 13:06:01 UTC 2024: Minecraft server is already running.
Sat Jul 13 13:07:01 UTC 2024: Minecraft server is already running.
Sat Jul 13 13:08:02 UTC 2024: Minecraft server is already running.
Sat Jul 13 13:09:02 UTC 2024: Minecraft server is already running.
Sat Jul 13 13:10:01 UTC 2024: Minecraft server is already running.
Sat Jul 13 13:11:01 UTC 2024: Minecraft server is already running.
Sat Jul 13 13:12:01 UTC 2024: Minecraft server is already running.
Sat Jul 13 13:13:01 UTC 2024: Minecraft server is already running.
Sat Jul 13 13:14:01 UTC 2024: Minecraft server is already running.
Sat Jul 13 13:15:01 UTC 2024: Minecraft server is already running.
Sat Jul 13 13:16:01 UTC 2024: Minecraft server is already running.
Sat Jul 13 13:17:01 UTC 2024: Minecraft server is already running.
Sat Jul 13 13:18:01 UTC 2024: Minecraft server is already running.
Sat Jul 13 13:19:01 UTC 2024: Minecraft server is already running.
Sat Jul 13 13:20:01 UTC 2024: Minecraft server is already running.
Sat Jul 13 13:21:01 UTC 2024: Minecraft server is already running.
Sat Jul 13 13:22:01 UTC 2024: Minecraft server is already running.
Sat Jul 13 13:23:01 UTC 2024: Minecraft server is already running.
Sat Jul 13 13:24:01 UTC 2024: Minecraft server is already running.
Sat Jul 13 13:25:01 UTC 2024: Minecraft server is already running.
Sat Jul 13 13:26:01 UTC 2024: Minecraft server is already running.
Sat Jul 13 13:27:01 UTC 2024: Minecraft server is already running.
Sat Jul 13 13:28:01 UTC 2024: Minecraft server is already running.
Sat Jul 13 13:29:01 UTC 2024: Minecraft server is already running.
Sat Jul 13 13:30:01 UTC 2024: Minecraft server is already running.
Sat Jul 13 13:31:01 UTC 2024: Minecraft server is already running.
Sat Jul 13 13:32:01 UTC 2024: Minecraft server is already running.
Sat Jul 13 13:33:01 UTC 2024: Minecraft server is already running.
Sat Jul 13 13:34:01 UTC 2024: Minecraft server is already running.
Sat Jul 13 13:35:01 UTC 2024: Minecraft server is already running.
Sat Jul 13 13:36:01 UTC 2024: Minecraft server is already running.
Sat Jul 13 13:37:01 UTC 2024: Minecraft server is already running.
Sat Jul 13 13:38:01 UTC 2024: Minecraft server is already running.
Sat Jul 13 13:39:01 UTC 2024: Minecraft server is already running.
Sat Jul 13 13:40:01 UTC 2024: Minecraft server is already running.
Sat Jul 13 13:41:01 UTC 2024: Minecraft server is already running.
Sat Jul 13 13:42:01 UTC 2024: Minecraft server is already running.
Sat Jul 13 13:43:02 UTC 2024: Minecraft server is already running.
Sat Jul 13 13:44:01 UTC 2024: Minecraft server is already running.
Sat Jul 13 13:45:01 UTC 2024: Minecraft server is already running.
Sat Jul 13 13:46:01 UTC 2024: Minecraft server is already running.
Sat Jul 13 13:47:01 UTC 2024: Minecraft server is already running.
Sat Jul 13 13:48:01 UTC 2024: Minecraft server is already running.
Sat Jul 13 13:49:01 UTC 2024: Minecraft server is already running.
Sat Jul 13 13:50:01 UTC 2024: Minecraft server is already running.
Sat Jul 13 13:51:01 UTC 2024: Minecraft server is already running.
Sat Jul 13 13:52:01 UTC 2024: Minecraft server is already running.
Sat Jul 13 13:53:01 UTC 2024: Minecraft server is already running.
Sat Jul 13 13:54:01 UTC 2024: Minecraft server is already running.
Sat Jul 13 13:55:01 UTC 2024: Minecraft server is already running.
Sat Jul 13 13:56:01 UTC 2024: Minecraft server is already running.
Sat Jul 13 13:57:01 UTC 2024: Minecraft server is already running.
Sat Jul 13 13:58:01 UTC 2024: Minecraft server is already running.
Sat Jul 13 13:59:01 UTC 2024: Minecraft server is already running.
Sat Jul 13 14:00:01 UTC 2024: Minecraft server is already running.
Sat Jul 13 14:01:01 UTC 2024: Minecraft server is already running.
Sat Jul 13 14:02:01 UTC 2024: Minecraft server is already running.
Sat Jul 13 14:03:01 UTC 2024: Minecraft server is already running.
Sat Jul 13 14:04:01 UTC 2024: Minecraft server is already running.
Sat Jul 13 14:05:01 UTC 2024: Minecraft server is already running.
Sat Jul 13 14:06:01 UTC 2024: Minecraft server is already running.
Sat Jul 13 14:07:01 UTC 2024: Minecraft server is already running.
Sat Jul 13 14:08:01 UTC 2024: Minecraft server is already running.
Sat Jul 13 14:09:01 UTC 2024: Minecraft server is already running.
Sat Jul 13 14:10:01 UTC 2024: Minecraft server is already running.
Sat Jul 13 14:11:01 UTC 2024: Minecraft server is already running.
Sat Jul 13 14:12:01 UTC 2024: Minecraft server is already running.
Sat Jul 13 14:13:01 UTC 2024: Minecraft server is already running.
Sat Jul 13 14:14:01 UTC 2024: Minecraft server is already running.
Sat Jul 13 14:15:01 UTC 2024: Minecraft server is already running.
Sat Jul 13 14:16:01 UTC 2024: Minecraft server is already running.
Sat Jul 13 14:17:02 UTC 2024: Minecraft server is already running.
Sat Jul 13 14:18:01 UTC 2024: Minecraft server is already running.
Sat Jul 13 14:19:01 UTC 2024: Minecraft server is already running.
Sat Jul 13 14:20:01 UTC 2024: Minecraft server is already running.
Sat Jul 13 14:21:01 UTC 2024: Minecraft server is already running.
Sat Jul 13 14:22:01 UTC 2024: Minecraft server is already running.
Sat Jul 13 14:23:01 UTC 2024: Minecraft server is already running.
Sat Jul 13 14:24:01 UTC 2024: Minecraft server is already running.
Sat Jul 13 14:25:01 UTC 2024: Minecraft server is already running.
Sat Jul 13 14:26:01 UTC 2024: Minecraft server is already running.
Sat Jul 13 14:27:01 UTC 2024: Minecraft server is already running.
Sat Jul 13 14:28:01 UTC 2024: Minecraft server is already running.
Sat Jul 13 14:29:01 UTC 2024: Minecraft server is already running.
Sat Jul 13 14:30:01 UTC 2024: Minecraft server is already running.
Sat Jul 13 14:31:01 UTC 2024: Minecraft server is already running.
Sat Jul 13 14:32:01 UTC 2024: Minecraft server is already running.
Sat Jul 13 14:33:01 UTC 2024: Minecraft server is already running.
Sat Jul 13 14:34:01 UTC 2024: Minecraft server is already running.
Sat Jul 13 14:35:01 UTC 2024: Minecraft server is already running.
Sat Jul 13 14:36:01 UTC 2024: Minecraft server is already running.
Sat Jul 13 14:37:01 UTC 2024: Minecraft server is already running.
Sat Jul 13 14:38:01 UTC 2024: Minecraft server is already running.
Sat Jul 13 14:39:01 UTC 2024: Minecraft server is already running.
Sat Jul 13 14:40:01 UTC 2024: Minecraft server is already running.
Sat Jul 13 14:41:01 UTC 2024: Minecraft server is already running.
Sat Jul 13 14:42:01 UTC 2024: Minecraft server is already running.
Sat Jul 13 14:43:01 UTC 2024: Minecraft server is already running.
Sat Jul 13 14:44:01 UTC 2024: Minecraft server is already running.
Sat Jul 13 14:45:01 UTC 2024: Minecraft server is already running.
Sat Jul 13 14:46:01 UTC 2024: Minecraft server is already running.
Sat Jul 13 14:47:01 UTC 2024: Minecraft server is already running.
Sat Jul 13 14:48:01 UTC 2024: Minecraft server is already running.
Sat Jul 13 14:49:01 UTC 2024: Minecraft server is already running.
Sat Jul 13 14:50:01 UTC 2024: Minecraft server is already running.
Sat Jul 13 14:51:01 UTC 2024: Minecraft server is already running.
Sat Jul 13 14:52:02 UTC 2024: Minecraft server is already running.
Sat Jul 13 14:53:01 UTC 2024: Minecraft server is already running.
Sat Jul 13 14:54:01 UTC 2024: Minecraft server is already running.
Sat Jul 13 14:55:01 UTC 2024: Minecraft server is already running.
Sat Jul 13 14:56:01 UTC 2024: Minecraft server is already running.
Sat Jul 13 14:57:01 UTC 2024: Minecraft server is already running.
Sat Jul 13 14:58:01 UTC 2024: Minecraft server is already running.
Sat Jul 13 14:59:01 UTC 2024: Minecraft server is already running.
Sat Jul 13 15:00:01 UTC 2024: Minecraft server is already running.
Sat Jul 13 15:01:01 UTC 2024: Minecraft server is already running.
Sat Jul 13 15:02:01 UTC 2024: Minecraft server is already running.
Sat Jul 13 15:03:01 UTC 2024: Minecraft server is already running.
Sat Jul 13 15:04:01 UTC 2024: Minecraft server is already running.
Sat Jul 13 15:05:01 UTC 2024: Minecraft server is already running.
Sat Jul 13 15:06:01 UTC 2024: Minecraft server is already running.
Sat Jul 13 15:07:01 UTC 2024: Minecraft server is already running.
Sat Jul 13 15:08:01 UTC 2024: Minecraft server is already running.
Sat Jul 13 15:09:01 UTC 2024: Minecraft server is already running.
Sat Jul 13 15:10:01 UTC 2024: Minecraft server is already running.
Sat Jul 13 15:11:01 UTC 2024: Minecraft server is already running.
Sat Jul 13 15:12:01 UTC 2024: Minecraft server is already running.
Sat Jul 13 15:13:01 UTC 2024: Minecraft server is already running.
Sat Jul 13 15:14:01 UTC 2024: Minecraft server is already running.
Sat Jul 13 15:15:01 UTC 2024: Minecraft server is already running.
Sat Jul 13 15:16:01 UTC 2024: Minecraft server is already running.
Sat Jul 13 15:17:01 UTC 2024: Minecraft server is already running.
Sat Jul 13 15:18:01 UTC 2024: Minecraft server is already running.
Sat Jul 13 15:19:01 UTC 2024: Minecraft server is already running.
Sat Jul 13 15:20:01 UTC 2024: Minecraft server is already running.
Sat Jul 13 15:21:01 UTC 2024: Minecraft server is already running.
Sat Jul 13 15:22:01 UTC 2024: Minecraft server is already running.
Sat Jul 13 15:23:01 UTC 2024: Minecraft server is already running.
Sat Jul 13 15:24:01 UTC 2024: Minecraft server is already running.
Sat Jul 13 15:25:01 UTC 2024: Minecraft server is already running.
Sat Jul 13 15:26:01 UTC 2024: Minecraft server is already running.
Sat Jul 13 15:27:02 UTC 2024: Minecraft server is already running.
Sat Jul 13 15:28:01 UTC 2024: Minecraft server is already running.
Sat Jul 13 15:29:01 UTC 2024: Minecraft server is already running.
Sat Jul 13 15:30:01 UTC 2024: Minecraft server is already running.
Sat Jul 13 15:31:01 UTC 2024: Minecraft server is already running.
Sat Jul 13 15:32:01 UTC 2024: Minecraft server is already running.
Sat Jul 13 15:33:01 UTC 2024: Minecraft server is already running.
Sat Jul 13 15:34:01 UTC 2024: Minecraft server is already running.
Sat Jul 13 15:35:01 UTC 2024: Minecraft server is already running.
Sat Jul 13 15:36:01 UTC 2024: Minecraft server is already running.
Sat Jul 13 15:37:01 UTC 2024: Minecraft server is already running.
Sat Jul 13 15:38:01 UTC 2024: Minecraft server is already running.
Sat Jul 13 15:39:01 UTC 2024: Minecraft server is already running.
Sat Jul 13 15:40:01 UTC 2024: Minecraft server is already running.
Sat Jul 13 15:41:01 UTC 2024: Minecraft server is already running.
Sat Jul 13 15:42:01 UTC 2024: Minecraft server is already running.
Sat Jul 13 15:43:01 UTC 2024: Minecraft server is already running.
Sat Jul 13 15:44:01 UTC 2024: Minecraft server is already running.
Sat Jul 13 15:45:01 UTC 2024: Minecraft server is already running.
Sat Jul 13 15:46:01 UTC 2024: Minecraft server is already running.
Sat Jul 13 15:47:01 UTC 2024: Minecraft server is already running.
Sat Jul 13 15:48:01 UTC 2024: Minecraft server is already running.
Sat Jul 13 15:49:01 UTC 2024: Minecraft server is already running.
Sat Jul 13 15:50:01 UTC 2024: Minecraft server is already running.
Sat Jul 13 15:51:01 UTC 2024: Minecraft server is already running.
Sat Jul 13 15:52:01 UTC 2024: Minecraft server is already running.
Sat Jul 13 15:53:01 UTC 2024: Minecraft server is already running.
Sat Jul 13 15:54:01 UTC 2024: Minecraft server is already running.
Sat Jul 13 15:55:01 UTC 2024: Minecraft server is already running.
Sat Jul 13 15:56:01 UTC 2024: Minecraft server is already running.
Sat Jul 13 15:57:01 UTC 2024: Minecraft server is already running.
Sat Jul 13 15:58:01 UTC 2024: Minecraft server is already running.
Sat Jul 13 15:59:01 UTC 2024: Minecraft server is already running.
Sat Jul 13 16:00:01 UTC 2024: Minecraft server is already running.
Sat Jul 13 16:01:02 UTC 2024: Minecraft server is already running.
Sat Jul 13 16:02:01 UTC 2024: Minecraft server is already running.
Sat Jul 13 16:03:01 UTC 2024: Minecraft server is already running.
Sat Jul 13 16:04:01 UTC 2024: Minecraft server is already running.
Sat Jul 13 16:05:01 UTC 2024: Minecraft server is already running.
Sat Jul 13 16:06:01 UTC 2024: Minecraft server is already running.
Sat Jul 13 16:07:01 UTC 2024: Minecraft server is already running.
Sat Jul 13 16:08:01 UTC 2024: Minecraft server is already running.
Sat Jul 13 16:09:01 UTC 2024: Minecraft server is already running.
Sat Jul 13 16:10:01 UTC 2024: Minecraft server is already running.
Sat Jul 13 16:11:01 UTC 2024: Minecraft server is already running.
Sat Jul 13 16:12:01 UTC 2024: Minecraft server is already running.
Sat Jul 13 16:13:01 UTC 2024: Minecraft server is already running.
Sat Jul 13 16:14:01 UTC 2024: Minecraft server is already running.
Sat Jul 13 16:15:01 UTC 2024: Minecraft server is already running.
Sat Jul 13 16:16:01 UTC 2024: Minecraft server is already running.
Sat Jul 13 16:17:01 UTC 2024: Minecraft server is already running.
Sat Jul 13 16:18:01 UTC 2024: Minecraft server is already running.
Sat Jul 13 16:19:01 UTC 2024: Minecraft server is already running.
Sat Jul 13 16:20:01 UTC 2024: Minecraft server is already running.
Sat Jul 13 16:21:01 UTC 2024: Minecraft server is already running.
Sat Jul 13 16:22:01 UTC 2024: Minecraft server is already running.
Sat Jul 13 16:23:01 UTC 2024: Minecraft server is already running.
Sat Jul 13 16:24:01 UTC 2024: Minecraft server is already running.
Sat Jul 13 16:25:01 UTC 2024: Minecraft server is already running.
Sat Jul 13 16:26:01 UTC 2024: Minecraft server is already running.
Sat Jul 13 16:27:01 UTC 2024: Minecraft server is already running.
Sat Jul 13 16:28:01 UTC 2024: Minecraft server is already running.
Sat Jul 13 16:29:01 UTC 2024: Minecraft server is already running.
Sat Jul 13 16:30:01 UTC 2024: Minecraft server is already running.
Sat Jul 13 16:31:01 UTC 2024: Minecraft server is already running.
Sat Jul 13 16:32:01 UTC 2024: Minecraft server is already running.
Sat Jul 13 16:33:01 UTC 2024: Minecraft server is already running.
Sat Jul 13 16:34:01 UTC 2024: Minecraft server is already running.
Sat Jul 13 16:35:02 UTC 2024: Minecraft server is already running.
Sat Jul 13 16:36:01 UTC 2024: Minecraft server is already running.
Sat Jul 13 16:37:01 UTC 2024: Minecraft server is already running.
Sat Jul 13 16:38:01 UTC 2024: Minecraft server is already running.
Sat Jul 13 16:39:01 UTC 2024: Minecraft server is already running.
Sat Jul 13 16:40:01 UTC 2024: Minecraft server is already running.
Sat Jul 13 16:41:01 UTC 2024: Minecraft server is already running.
Sat Jul 13 16:42:01 UTC 2024: Minecraft server is already running.
Sat Jul 13 16:43:01 UTC 2024: Minecraft server is already running.
Sat Jul 13 16:44:01 UTC 2024: Minecraft server is already running.
Sat Jul 13 16:45:01 UTC 2024: Minecraft server is already running.
Sat Jul 13 16:46:01 UTC 2024: Minecraft server is already running.
Sat Jul 13 16:47:01 UTC 2024: Minecraft server is already running.
Sat Jul 13 16:48:01 UTC 2024: Minecraft server is already running.
Sat Jul 13 16:49:01 UTC 2024: Minecraft server is already running.
Sat Jul 13 16:50:01 UTC 2024: Minecraft server is already running.
Sat Jul 13 16:51:01 UTC 2024: Minecraft server is already running.
Sat Jul 13 16:52:01 UTC 2024: Minecraft server is already running.
Sat Jul 13 16:53:01 UTC 2024: Minecraft server is already running.
Sat Jul 13 16:54:01 UTC 2024: Minecraft server is already running.
Sat Jul 13 16:55:01 UTC 2024: Minecraft server is already running.
Sat Jul 13 16:56:01 UTC 2024: Minecraft server is already running.
Sat Jul 13 16:57:01 UTC 2024: Minecraft server is already running.
Sat Jul 13 16:58:01 UTC 2024: Minecraft server is already running.
Sat Jul 13 16:59:01 UTC 2024: Minecraft server is already running.
Sat Jul 13 17:00:01 UTC 2024: Minecraft server is already running.
Sat Jul 13 17:01:01 UTC 2024: Minecraft server is already running.
Sat Jul 13 17:02:01 UTC 2024: Minecraft server is already running.
Sat Jul 13 17:03:01 UTC 2024: Minecraft server is already running.
Sat Jul 13 17:04:01 UTC 2024: Minecraft server is already running.
Sat Jul 13 17:05:01 UTC 2024: Minecraft server is already running.
Sat Jul 13 17:06:01 UTC 2024: Minecraft server is already running.
Sat Jul 13 17:07:01 UTC 2024: Minecraft server is already running.
Sat Jul 13 17:08:01 UTC 2024: Minecraft server is already running.
Sat Jul 13 17:09:01 UTC 2024: Minecraft server is already running.
Sat Jul 13 17:10:01 UTC 2024: Minecraft server is already running.
Sat Jul 13 17:11:02 UTC 2024: Minecraft server is already running.
Sat Jul 13 17:12:01 UTC 2024: Minecraft server is already running.
Sat Jul 13 17:13:01 UTC 2024: Minecraft server is already running.
Sat Jul 13 17:14:01 UTC 2024: Minecraft server is already running.
Sat Jul 13 17:15:01 UTC 2024: Minecraft server is already running.
Sat Jul 13 17:16:01 UTC 2024: Minecraft server is already running.
Sat Jul 13 17:17:01 UTC 2024: Minecraft server is already running.
Sat Jul 13 17:18:01 UTC 2024: Minecraft server is already running.
Sat Jul 13 17:19:01 UTC 2024: Minecraft server is already running.
Sat Jul 13 17:20:01 UTC 2024: Minecraft server is already running.
Sat Jul 13 17:21:01 UTC 2024: Minecraft server is already running.
Sat Jul 13 17:22:01 UTC 2024: Minecraft server is already running.
Sat Jul 13 17:23:01 UTC 2024: Minecraft server is already running.
Sat Jul 13 17:24:01 UTC 2024: Minecraft server is already running.
Sat Jul 13 17:25:01 UTC 2024: Minecraft server is already running.
Sat Jul 13 17:26:01 UTC 2024: Minecraft server is already running.
Sat Jul 13 17:27:01 UTC 2024: Minecraft server is already running.
Sat Jul 13 17:28:01 UTC 2024: Minecraft server is already running.
Sat Jul 13 17:29:01 UTC 2024: Minecraft server is already running.
Sat Jul 13 17:30:01 UTC 2024: Minecraft server is already running.
Sat Jul 13 17:31:01 UTC 2024: Minecraft server is already running.
Sat Jul 13 17:32:01 UTC 2024: Minecraft server is already running.
Sat Jul 13 17:33:01 UTC 2024: Minecraft server is already running.
Sat Jul 13 17:34:01 UTC 2024: Minecraft server is already running.
Sat Jul 13 17:35:01 UTC 2024: Minecraft server is already running.
Sat Jul 13 17:36:01 UTC 2024: Minecraft server is already running.
Sat Jul 13 17:37:01 UTC 2024: Minecraft server is already running.
Sat Jul 13 17:38:01 UTC 2024: Minecraft server is already running.
Sat Jul 13 17:39:01 UTC 2024: Minecraft server is already running.
Sat Jul 13 17:40:01 UTC 2024: Minecraft server is already running.
Sat Jul 13 17:41:01 UTC 2024: Minecraft server is already running.
Sat Jul 13 17:42:01 UTC 2024: Minecraft server is already running.
Sat Jul 13 17:43:01 UTC 2024: Minecraft server is already running.
Sat Jul 13 17:44:01 UTC 2024: Minecraft server is already running.
Sat Jul 13 17:45:02 UTC 2024: Minecraft server is already running.
Sat Jul 13 17:46:01 UTC 2024: Minecraft server is already running.
Sat Jul 13 17:47:01 UTC 2024: Minecraft server is already running.
Sat Jul 13 17:48:01 UTC 2024: Minecraft server is already running.
Sat Jul 13 17:49:01 UTC 2024: Minecraft server is already running.
Sat Jul 13 17:50:01 UTC 2024: Minecraft server is already running.
Sat Jul 13 17:51:01 UTC 2024: Minecraft server is already running.
Sat Jul 13 17:52:01 UTC 2024: Minecraft server is already running.
Sat Jul 13 17:53:01 UTC 2024: Minecraft server is already running.
Sat Jul 13 17:54:01 UTC 2024: Minecraft server is already running.
Sat Jul 13 17:55:01 UTC 2024: Minecraft server is already running.
Sat Jul 13 17:56:01 UTC 2024: Minecraft server is already running.
Sat Jul 13 17:57:01 UTC 2024: Minecraft server is already running.
Sat Jul 13 17:58:01 UTC 2024: Minecraft server is already running.
Sat Jul 13 17:59:01 UTC 2024: Minecraft server is already running.
Sat Jul 13 18:00:01 UTC 2024: Minecraft server is already running.
Sat Jul 13 18:01:01 UTC 2024: Minecraft server is already running.
Sat Jul 13 18:02:01 UTC 2024: Minecraft server is already running.
Sat Jul 13 18:03:01 UTC 2024: Minecraft server is already running.
Sat Jul 13 18:04:01 UTC 2024: Minecraft server is already running.
Sat Jul 13 18:05:01 UTC 2024: Minecraft server is already running.
Sat Jul 13 18:06:01 UTC 2024: Minecraft server is already running.
Sat Jul 13 18:07:01 UTC 2024: Minecraft server is already running.
Sat Jul 13 18:08:01 UTC 2024: Minecraft server is already running.
Sat Jul 13 18:09:01 UTC 2024: Minecraft server is already running.
Sat Jul 13 18:10:01 UTC 2024: Minecraft server is already running.
Sat Jul 13 18:11:01 UTC 2024: Minecraft server is already running.
Sat Jul 13 18:12:01 UTC 2024: Minecraft server is already running.
Sat Jul 13 18:13:01 UTC 2024: Minecraft server is already running.
Sat Jul 13 18:14:01 UTC 2024: Minecraft server is already running.
Sat Jul 13 18:15:01 UTC 2024: Minecraft server is already running.
Sat Jul 13 18:16:01 UTC 2024: Minecraft server is already running.
Sat Jul 13 18:17:01 UTC 2024: Minecraft server is already running.
Sat Jul 13 18:18:01 UTC 2024: Minecraft server is already running.
Sat Jul 13 18:19:02 UTC 2024: Minecraft server is already running.
Sat Jul 13 18:20:01 UTC 2024: Minecraft server is already running.
Sat Jul 13 18:21:01 UTC 2024: Minecraft server is already running.
Sat Jul 13 18:22:01 UTC 2024: Minecraft server is already running.
