[00:41:02] [Netty Epoll Server IO #2/ERROR]: Error sending packet clientbound/minecraft:disconnect
io.netty.handler.codec.EncoderException: Sending unknown packet 'clientbound/minecraft:disconnect'
	at yw.a(SourceFile:47) ~[server-1.21.jar:?]
	at yw.encode(SourceFile:14) ~[server-1.21.jar:?]
	at we.a(SourceFile:26) ~[server-1.21.jar:?]
	at we.encode(SourceFile:12) ~[server-1.21.jar:?]
	at io.netty.handler.codec.MessageToByteEncoder.write(MessageToByteEncoder.java:107) ~[netty-codec-4.1.97.Final.jar:4.1.97.Final]
	at io.netty.channel.AbstractChannelHandlerContext.invokeWrite0(AbstractChannelHandlerContext.java:881) ~[netty-transport-4.1.97.Final.jar:4.1.97.Final]
	at io.netty.channel.AbstractChannelHandlerContext.invokeWrite(AbstractChannelHandlerContext.java:863) ~[netty-transport-4.1.97.Final.jar:4.1.97.Final]
	at io.netty.channel.AbstractChannelHandlerContext.write(AbstractChannelHandlerContext.java:968) ~[netty-transport-4.1.97.Final.jar:4.1.97.Final]
	at io.netty.channel.AbstractChannelHandlerContext.write(AbstractChannelHandlerContext.java:856) ~[netty-transport-4.1.97.Final.jar:4.1.97.Final]
	at io.netty.channel.ChannelOutboundHandlerAdapter.write(ChannelOutboundHandlerAdapter.java:113) ~[netty-transport-4.1.97.Final.jar:4.1.97.Final]
	at vt$2.write(SourceFile:530) ~[server-1.21.jar:?]
	at io.netty.channel.AbstractChannelHandlerContext.invokeWrite0(AbstractChannelHandlerContext.java:881) ~[netty-transport-4.1.97.Final.jar:4.1.97.Final]
	at io.netty.channel.AbstractChannelHandlerContext.invokeWriteAndFlush(AbstractChannelHandlerContext.java:940) ~[netty-transport-4.1.97.Final.jar:4.1.97.Final]
	at io.netty.channel.AbstractChannelHandlerContext.write(AbstractChannelHandlerContext.java:966) ~[netty-transport-4.1.97.Final.jar:4.1.97.Final]
	at io.netty.channel.AbstractChannelHandlerContext.writeAndFlush(AbstractChannelHandlerContext.java:934) ~[netty-transport-4.1.97.Final.jar:4.1.97.Final]
	at io.netty.channel.AbstractChannelHandlerContext.writeAndFlush(AbstractChannelHandlerContext.java:984) ~[netty-transport-4.1.97.Final.jar:4.1.97.Final]
	at io.netty.channel.DefaultChannelPipeline.writeAndFlush(DefaultChannelPipeline.java:1025) ~[netty-transport-4.1.97.Final.jar:4.1.97.Final]
	at io.netty.channel.AbstractChannel.writeAndFlush(AbstractChannel.java:306) ~[netty-transport-4.1.97.Final.jar:4.1.97.Final]
	at vt.c(SourceFile:350) ~[server-1.21.jar:?]
	at vt.b(SourceFile:343) ~[server-1.21.jar:?]
	at vt.a(SourceFile:325) ~[server-1.21.jar:?]
	at vt.a(SourceFile:319) ~[server-1.21.jar:?]
	at vt.exceptionCaught(SourceFile:170) ~[server-1.21.jar:?]
	at io.netty.channel.AbstractChannelHandlerContext.invokeExceptionCaught(AbstractChannelHandlerContext.java:346) ~[netty-transport-4.1.97.Final.jar:4.1.97.Final]
	at io.netty.channel.AbstractChannelHandlerContext.invokeExceptionCaught(AbstractChannelHandlerContext.java:325) ~[netty-transport-4.1.97.Final.jar:4.1.97.Final]
	at io.netty.channel.AbstractChannelHandlerContext.fireExceptionCaught(AbstractChannelHandlerContext.java:317) ~[netty-transport-4.1.97.Final.jar:4.1.97.Final]
	at io.netty.channel.DefaultChannelPipeline$HeadContext.exceptionCaught(DefaultChannelPipeline.java:1377) ~[netty-transport-4.1.97.Final.jar:4.1.97.Final]
	at io.netty.channel.AbstractChannelHandlerContext.invokeExceptionCaught(AbstractChannelHandlerContext.java:346) ~[netty-transport-4.1.97.Final.jar:4.1.97.Final]
	at io.netty.channel.AbstractChannelHandlerContext.invokeExceptionCaught(AbstractChannelHandlerContext.java:325) ~[netty-transport-4.1.97.Final.jar:4.1.97.Final]
	at io.netty.channel.DefaultChannelPipeline.fireExceptionCaught(DefaultChannelPipeline.java:907) ~[netty-transport-4.1.97.Final.jar:4.1.97.Final]
	at io.netty.channel.epoll.AbstractEpollStreamChannel$EpollStreamUnsafe.handleReadException(AbstractEpollStreamChannel.java:728) ~[netty-transport-classes-epoll-4.1.97.Final.jar:4.1.97.Final]
	at io.netty.channel.epoll.AbstractEpollStreamChannel$EpollStreamUnsafe.epollInReady(AbstractEpollStreamChannel.java:826) ~[netty-transport-classes-epoll-4.1.97.Final.jar:4.1.97.Final]
	at io.netty.channel.epoll.EpollEventLoop.processReady(EpollEventLoop.java:509) ~[netty-transport-classes-epoll-4.1.97.Final.jar:4.1.97.Final]
	at io.netty.channel.epoll.EpollEventLoop.run(EpollEventLoop.java:407) ~[netty-transport-classes-epoll-4.1.97.Final.jar:4.1.97.Final]
	at io.netty.util.concurrent.SingleThreadEventExecutor$4.run(SingleThreadEventExecutor.java:997) ~[netty-common-4.1.97.Final.jar:4.1.97.Final]
	at io.netty.util.internal.ThreadExecutorMap$2.run(ThreadExecutorMap.java:74) ~[netty-common-4.1.97.Final.jar:4.1.97.Final]
	at java.base/java.lang.Thread.run(Thread.java:1583) [?:?]
[06:16:28] [Server thread/INFO]: Tahae[/37.156.240.49:61914] logged in with entity id 17732 at (1.6786947256004594, 115.0, 129.95316667390065)
[06:16:28] [Server thread/INFO]: Tahae joined the game
[06:21:53] [Server thread/WARN]: Mismatch in destroy block pos: jd{x=1, y=102, z=38} jd{x=-4, y=102, z=1}
[06:21:58] [Server thread/WARN]: Mismatch in destroy block pos: jd{x=1, y=102, z=38} jd{x=-5, y=102, z=1}
[06:30:09] [Server thread/INFO]: Villager cmk['Farmer'/17752, l='ServerLevel[world]', x=26.19, y=116.94, z=184.19] died, message: 'Farmer was shot by Pillager'
[07:41:45] [Server thread/INFO]: Tahae has made the advancement [Not Today, Thank You]
[07:47:32] [Server thread/WARN]: Tahae was kicked for floating too long!
[07:47:32] [Server thread/INFO]: Tahae lost connection: Flying is not enabled on this server
[07:47:32] [Server thread/INFO]: Tahae left the game
[07:47:32] [Server thread/WARN]: handleDisconnection() called twice
[07:47:41] [Server thread/INFO]: Tahae[/37.156.240.49:62146] logged in with entity id 33973 at (32.892850591996634, 115.16610926093821, 78.83464018177413)
[07:47:41] [Server thread/INFO]: Tahae joined the game
[07:54:40] [Netty Epoll Server IO #1/ERROR]: Error sending packet clientbound/minecraft:disconnect
io.netty.handler.codec.EncoderException: Sending unknown packet 'clientbound/minecraft:disconnect'
	at yw.a(SourceFile:47) ~[server-1.21.jar:?]
	at yw.encode(SourceFile:14) ~[server-1.21.jar:?]
	at we.a(SourceFile:26) ~[server-1.21.jar:?]
	at we.encode(SourceFile:12) ~[server-1.21.jar:?]
	at io.netty.handler.codec.MessageToByteEncoder.write(MessageToByteEncoder.java:107) ~[netty-codec-4.1.97.Final.jar:4.1.97.Final]
	at io.netty.channel.AbstractChannelHandlerContext.invokeWrite0(AbstractChannelHandlerContext.java:881) ~[netty-transport-4.1.97.Final.jar:4.1.97.Final]
	at io.netty.channel.AbstractChannelHandlerContext.invokeWrite(AbstractChannelHandlerContext.java:863) ~[netty-transport-4.1.97.Final.jar:4.1.97.Final]
	at io.netty.channel.AbstractChannelHandlerContext.write(AbstractChannelHandlerContext.java:968) ~[netty-transport-4.1.97.Final.jar:4.1.97.Final]
	at io.netty.channel.AbstractChannelHandlerContext.write(AbstractChannelHandlerContext.java:856) ~[netty-transport-4.1.97.Final.jar:4.1.97.Final]
	at io.netty.channel.ChannelOutboundHandlerAdapter.write(ChannelOutboundHandlerAdapter.java:113) ~[netty-transport-4.1.97.Final.jar:4.1.97.Final]
	at vt$2.write(SourceFile:530) ~[server-1.21.jar:?]
	at io.netty.channel.AbstractChannelHandlerContext.invokeWrite0(AbstractChannelHandlerContext.java:881) ~[netty-transport-4.1.97.Final.jar:4.1.97.Final]
	at io.netty.channel.AbstractChannelHandlerContext.invokeWriteAndFlush(AbstractChannelHandlerContext.java:940) ~[netty-transport-4.1.97.Final.jar:4.1.97.Final]
	at io.netty.channel.AbstractChannelHandlerContext.write(AbstractChannelHandlerContext.java:966) ~[netty-transport-4.1.97.Final.jar:4.1.97.Final]
	at io.netty.channel.AbstractChannelHandlerContext.writeAndFlush(AbstractChannelHandlerContext.java:934) ~[netty-transport-4.1.97.Final.jar:4.1.97.Final]
	at io.netty.channel.AbstractChannelHandlerContext.writeAndFlush(AbstractChannelHandlerContext.java:984) ~[netty-transport-4.1.97.Final.jar:4.1.97.Final]
	at io.netty.channel.DefaultChannelPipeline.writeAndFlush(DefaultChannelPipeline.java:1025) ~[netty-transport-4.1.97.Final.jar:4.1.97.Final]
	at io.netty.channel.AbstractChannel.writeAndFlush(AbstractChannel.java:306) ~[netty-transport-4.1.97.Final.jar:4.1.97.Final]
	at vt.c(SourceFile:350) ~[server-1.21.jar:?]
	at vt.b(SourceFile:343) ~[server-1.21.jar:?]
	at vt.a(SourceFile:325) ~[server-1.21.jar:?]
	at vt.a(SourceFile:319) ~[server-1.21.jar:?]
	at vt.exceptionCaught(SourceFile:170) ~[server-1.21.jar:?]
	at io.netty.channel.AbstractChannelHandlerContext.invokeExceptionCaught(AbstractChannelHandlerContext.java:346) ~[netty-transport-4.1.97.Final.jar:4.1.97.Final]
	at io.netty.channel.AbstractChannelHandlerContext.invokeExceptionCaught(AbstractChannelHandlerContext.java:325) ~[netty-transport-4.1.97.Final.jar:4.1.97.Final]
	at io.netty.channel.AbstractChannelHandlerContext.fireExceptionCaught(AbstractChannelHandlerContext.java:317) ~[netty-transport-4.1.97.Final.jar:4.1.97.Final]
	at io.netty.channel.DefaultChannelPipeline$HeadContext.exceptionCaught(DefaultChannelPipeline.java:1377) ~[netty-transport-4.1.97.Final.jar:4.1.97.Final]
	at io.netty.channel.AbstractChannelHandlerContext.invokeExceptionCaught(AbstractChannelHandlerContext.java:346) ~[netty-transport-4.1.97.Final.jar:4.1.97.Final]
	at io.netty.channel.AbstractChannelHandlerContext.invokeExceptionCaught(AbstractChannelHandlerContext.java:325) ~[netty-transport-4.1.97.Final.jar:4.1.97.Final]
	at io.netty.channel.DefaultChannelPipeline.fireExceptionCaught(DefaultChannelPipeline.java:907) ~[netty-transport-4.1.97.Final.jar:4.1.97.Final]
	at io.netty.channel.epoll.AbstractEpollStreamChannel$EpollStreamUnsafe.handleReadException(AbstractEpollStreamChannel.java:728) ~[netty-transport-classes-epoll-4.1.97.Final.jar:4.1.97.Final]
	at io.netty.channel.epoll.AbstractEpollStreamChannel$EpollStreamUnsafe.epollInReady(AbstractEpollStreamChannel.java:826) ~[netty-transport-classes-epoll-4.1.97.Final.jar:4.1.97.Final]
	at io.netty.channel.epoll.EpollEventLoop.processReady(EpollEventLoop.java:509) ~[netty-transport-classes-epoll-4.1.97.Final.jar:4.1.97.Final]
	at io.netty.channel.epoll.EpollEventLoop.run(EpollEventLoop.java:407) ~[netty-transport-classes-epoll-4.1.97.Final.jar:4.1.97.Final]
	at io.netty.util.concurrent.SingleThreadEventExecutor$4.run(SingleThreadEventExecutor.java:997) ~[netty-common-4.1.97.Final.jar:4.1.97.Final]
	at io.netty.util.internal.ThreadExecutorMap$2.run(ThreadExecutorMap.java:74) ~[netty-common-4.1.97.Final.jar:4.1.97.Final]
	at java.base/java.lang.Thread.run(Thread.java:1583) [?:?]
[08:22:02] [Server thread/INFO]: Tahae lost connection: Disconnected
[08:22:02] [Server thread/INFO]: Tahae left the game
[08:22:09] [Server thread/INFO]: kshyst[/5.112.173.35:51165] logged in with entity id 39461 at (44.15521304170156, 115.0, 68.48627713269748)
[08:22:09] [Server thread/INFO]: kshyst joined the game
[08:35:28] [Server thread/INFO]: kshyst has made the advancement [Ice Bucket Challenge]
[09:05:38] [Server thread/WARN]: kshyst was kicked for floating too long!
[09:05:38] [Server thread/INFO]: kshyst lost connection: Flying is not enabled on this server
[09:05:38] [Server thread/INFO]: kshyst left the game
[09:06:06] [Server thread/INFO]: kshyst[/5.112.173.35:51924] logged in with entity id 51935 at (16.929097137875544, 120.16610926093821, 183.65216502979968)
[09:06:06] [Server thread/INFO]: kshyst joined the game
[09:44:11] [Server thread/INFO]: Tahae[/37.156.240.49:54496] logged in with entity id 61800 at (0.8655870509566964, 113.0, 68.97915832427478)
[09:44:11] [Server thread/INFO]: Tahae joined the game
[09:44:27] [Server thread/INFO]: [Not Secure] <Tahae> salam
[09:44:33] [Server thread/INFO]: [Not Secure] <kshyst> salam
[09:45:19] [Server thread/INFO]: [Not Secure] <Tahae> 9 stack jam karde farm iron
[09:45:31] [Server thread/INFO]: [Not Secure] <kshyst> aaali
[09:46:00] [Server thread/INFO]: [Not Secure] <kshyst> potion invisibility khorde
[09:47:08] [Server thread/INFO]: [Not Secure] <Tahae> bezanesh
[09:49:15] [Server thread/INFO]: kshyst has made the advancement [What a Deal!]
[09:52:43] [Server thread/INFO]: Amin[/2.178.66.23:14267] logged in with entity id 63690 at (-587.314356954066, -40.0, -40.58174899473781)
[09:52:43] [Server thread/INFO]: Amin joined the game
[09:52:50] [Server thread/INFO]: [Not Secure] <Tahae> salam
[09:53:08] [Server thread/INFO]: [Not Secure] <Amin> salam
[09:53:18] [Server thread/INFO]: [Not Secure] <kshyst> team speak 3 brizid
[09:53:38] [Server thread/INFO]: [Not Secure] <Tahae> oon chie
[09:53:40] [Server thread/INFO]: Amin tried to swim in lava to escape Skeleton
[09:53:45] [Server thread/INFO]: [Not Secure] <kshyst> baraye voice chat
[09:53:54] [Server thread/INFO]: [Not Secure] <Amin> mano tp kon base
[09:54:00] [Server thread/INFO]: [Not Secure] <Amin> respawnam set shode zir zamin
[09:54:31] [Server thread/INFO]: [kshyst: Teleported Amin to -11.500000, 130.000000, 178.500000]
[09:54:31] [Server thread/WARN]: Amin moved too quickly! -25.795795752977575,100.0,298.63989882347016
[09:54:52] [Server thread/INFO]: [Not Secure] <Tahae> amin bia
[09:55:11] [Server thread/INFO]: [Not Secure] <Amin> daram teamspeak update mikonam
[09:55:17] [Server thread/INFO]: [Not Secure] <kshyst> ok
[09:55:55] [Server thread/INFO]: [Not Secure] <Amin> eyval
[09:56:09] [Server thread/INFO]: [Not Secure] <kshyst> ?
[09:56:13] [Server thread/INFO]: [Not Secure] <Amin> hichi irona
[10:00:43] [Server thread/INFO]: [Not Secure] <Amin> kshy team speakam
[10:02:17] [Server thread/INFO]: [Not Secure] <Tahae> daram
[10:07:44] [Server thread/WARN]: Tahae moved too quickly! -8.95614909306996,0.2046003784434305,-4.68968926929108
[10:15:03] [Server thread/INFO]: Amin has made the advancement [Sneak 100]
[10:18:05] [Server thread/INFO]: [Not Secure] <Tahae> oh
[10:18:27] [Server thread/INFO]: [Not Secure] <Tahae> ye gar 100 bekak mire paiin
[10:20:48] [Server thread/INFO]: Amin was obliterated by a sonically-charged shriek
[10:21:29] [Server thread/INFO]: Tahae has made the advancement [Diamonds!]
[10:21:38] [Server thread/INFO]: Tahae has made the advancement [Sneak 100]
[10:22:10] [Server thread/WARN]: Can't keep up! Is the server overloaded? Running 2004ms or 40 ticks behind
[10:22:12] [Server thread/INFO]: [Not Secure] <Tahae> wtf warden spawn shod
[10:22:28] [Server thread/INFO]: [Not Secure] <kshyst> are
[10:22:52] [Server thread/WARN]: Can't keep up! Is the server overloaded? Running 2016ms or 40 ticks behind
[10:24:07] [Server thread/WARN]: Can't keep up! Is the server overloaded? Running 2001ms or 40 ticks behind
[10:24:33] [Server thread/WARN]: Can't keep up! Is the server overloaded? Running 2027ms or 40 ticks behind
[10:24:52] [Server thread/WARN]: Can't keep up! Is the server overloaded? Running 2069ms or 41 ticks behind
[10:25:09] [Server thread/WARN]: Can't keep up! Is the server overloaded? Running 2511ms or 50 ticks behind
[10:25:22] [Server thread/INFO]: [Not Secure] <Tahae> 140 62
[10:25:26] [Server thread/WARN]: Can't keep up! Is the server overloaded? Running 2124ms or 42 ticks behind
[10:25:44] [Server thread/WARN]: Can't keep up! Is the server overloaded? Running 2051ms or 41 ticks behind
[10:26:01] [Server thread/WARN]: Can't keep up! Is the server overloaded? Running 2080ms or 41 ticks behind
[10:26:19] [Server thread/WARN]: Can't keep up! Is the server overloaded? Running 2007ms or 40 ticks behind
[10:26:37] [Server thread/WARN]: Can't keep up! Is the server overloaded? Running 2356ms or 47 ticks behind
[10:27:04] [Server thread/WARN]: Can't keep up! Is the server overloaded? Running 2021ms or 40 ticks behind
[10:27:18] [Server thread/INFO]: Amin has made the advancement [Hot Stuff]
[10:29:00] [Server thread/INFO]: [Not Secure] <Tahae> team speak vpn mikhad?
[10:29:04] [Server thread/INFO]: [Not Secure] <Amin> دش
[10:29:06] [Server thread/INFO]: [Not Secure] <Amin> na
[10:29:07] [Server thread/INFO]: [Not Secure] <kshyst> no
[10:29:33] [Server thread/INFO]: [Not Secure] <kshyst> hamin ip e ke bahash omadi server minecrafto bzn to team speak
[10:29:44] [Server thread/INFO]: [Not Secure] <Tahae> ok
[10:35:31] [Server thread/INFO]: Amin burned to death
[10:36:03] [Server thread/WARN]: Mismatch in destroy block pos: jd{x=16, y=112, z=123} jd{x=13, y=111, z=122}
[10:46:38] [Server thread/WARN]: Can't keep up! Is the server overloaded? Running 2006ms or 40 ticks behind
[10:50:20] [Server thread/INFO]: Tahae lost connection: Disconnected
[10:50:20] [Server thread/INFO]: Tahae left the game
[10:54:10] [Server thread/INFO]: Amin has made the advancement [A Seedy Place]
[11:04:17] [Server thread/INFO]: kshyst has made the advancement [Ol' Betsy]
[11:05:51] [Server thread/INFO]: Tahae[/37.156.240.49:50050] logged in with entity id 90378 at (-4.545887138414306, 120.0, 187.99626393715002)
[11:05:51] [Server thread/INFO]: Tahae joined the game
[11:06:47] [Server thread/INFO]: Amin has made the advancement [What a Deal!]
[11:08:14] [Server thread/WARN]: Can't keep up! Is the server overloaded? Running 2014ms or 40 ticks behind
[11:08:31] [Server thread/WARN]: Can't keep up! Is the server overloaded? Running 2002ms or 40 ticks behind
[11:10:33] [Server thread/INFO]: Villager cmk['Villager'/88273, l='ServerLevel[world]', x=-16.90, y=116.19, z=265.40] died, message: 'Villager was slain by Zombie'
[11:30:04] [Server thread/INFO]: [Not Secure] <Tahae> be nzaram berim end
[11:36:04] [Server thread/WARN]: Can't keep up! Is the server overloaded? Running 2011ms or 40 ticks behind
[11:36:25] [Server thread/WARN]: Can't keep up! Is the server overloaded? Running 2018ms or 40 ticks behind
[11:36:46] [Server thread/WARN]: Can't keep up! Is the server overloaded? Running 2011ms or 40 ticks behind
[11:37:05] [Server thread/WARN]: Can't keep up! Is the server overloaded? Running 3832ms or 76 ticks behind
[11:37:23] [Server thread/WARN]: Can't keep up! Is the server overloaded? Running 2903ms or 58 ticks behind
[11:37:40] [Server thread/WARN]: Can't keep up! Is the server overloaded? Running 2756ms or 55 ticks behind
[11:37:58] [Server thread/WARN]: Can't keep up! Is the server overloaded? Running 2373ms or 47 ticks behind
[11:38:15] [Server thread/WARN]: Can't keep up! Is the server overloaded? Running 2376ms or 47 ticks behind
[11:38:33] [Server thread/WARN]: Can't keep up! Is the server overloaded? Running 3194ms or 63 ticks behind
[11:38:51] [Server thread/WARN]: Can't keep up! Is the server overloaded? Running 2595ms or 51 ticks behind
[11:39:08] [Server thread/WARN]: Can't keep up! Is the server overloaded? Running 2285ms or 45 ticks behind
[11:39:25] [Server thread/WARN]: Can't keep up! Is the server overloaded? Running 2109ms or 42 ticks behind
[11:39:42] [Server thread/WARN]: Can't keep up! Is the server overloaded? Running 2059ms or 41 ticks behind
[11:39:47] [Server thread/INFO]: Tahae lost connection: Disconnected
[11:39:47] [Server thread/INFO]: Tahae left the game
[11:40:30] [Server thread/WARN]: Can't keep up! Is the server overloaded? Running 2036ms or 40 ticks behind
[11:42:23] [Server thread/WARN]: Can't keep up! Is the server overloaded? Running 2004ms or 40 ticks behind
[11:42:41] [Server thread/WARN]: Can't keep up! Is the server overloaded? Running 2001ms or 40 ticks behind
[11:42:58] [Server thread/WARN]: Can't keep up! Is the server overloaded? Running 2024ms or 40 ticks behind
[11:43:15] [Server thread/WARN]: Can't keep up! Is the server overloaded? Running 2102ms or 42 ticks behind
[11:43:38] [Server thread/WARN]: Can't keep up! Is the server overloaded? Running 2004ms or 40 ticks behind
[11:44:20] [Server thread/WARN]: Can't keep up! Is the server overloaded? Running 2003ms or 40 ticks behind
[11:44:39] [Server thread/WARN]: Can't keep up! Is the server overloaded? Running 2000ms or 40 ticks behind
[11:44:49] [Server thread/INFO]: [kshyst: Kicked Amin: Kicked by an operator]
[11:44:49] [Server thread/INFO]: Amin lost connection: Kicked by an operator
[11:44:49] [Server thread/INFO]: Amin left the game
[11:45:18] [Server thread/INFO]: Amin[/2.178.66.23:1091] logged in with entity id 104162 at (331.3921304040974, 87.0, -11.431063212529947)
[11:45:18] [Server thread/INFO]: Amin joined the game
[11:48:41] [Server thread/WARN]: Can't keep up! Is the server overloaded? Running 2006ms or 40 ticks behind
[11:51:01] [Server thread/WARN]: Mismatch in destroy block pos: jd{x=10, y=96, z=12} jd{x=9, y=95, z=13}
[11:51:01] [Server thread/WARN]: Mismatch in destroy block pos: jd{x=10, y=96, z=12} jd{x=9, y=95, z=13}
[11:56:03] [Server thread/INFO]: Amin has made the advancement [Best Friends Forever]
[12:00:20] [Server thread/WARN]: Can't keep up! Is the server overloaded? Running 2000ms or 40 ticks behind
[12:01:04] [Server thread/WARN]: Can't keep up! Is the server overloaded? Running 2002ms or 40 ticks behind
[12:01:25] [Server thread/WARN]: Can't keep up! Is the server overloaded? Running 2004ms or 40 ticks behind
[12:01:43] [Server thread/WARN]: Can't keep up! Is the server overloaded? Running 3121ms or 62 ticks behind
[12:02:35] [Server thread/WARN]: Can't keep up! Is the server overloaded? Running 2000ms or 40 ticks behind
[12:03:13] [Server thread/WARN]: Can't keep up! Is the server overloaded? Running 2002ms or 40 ticks behind
[12:03:35] [Server thread/WARN]: Can't keep up! Is the server overloaded? Running 2002ms or 40 ticks behind
[12:03:56] [Server thread/WARN]: Can't keep up! Is the server overloaded? Running 2000ms or 40 ticks behind
[12:04:16] [Server thread/WARN]: Can't keep up! Is the server overloaded? Running 2003ms or 40 ticks behind
[12:04:34] [Server thread/WARN]: Can't keep up! Is the server overloaded? Running 2547ms or 50 ticks behind
[12:04:55] [Server thread/WARN]: Can't keep up! Is the server overloaded? Running 2004ms or 40 ticks behind
[12:05:13] [Server thread/WARN]: Can't keep up! Is the server overloaded? Running 2000ms or 40 ticks behind
[12:05:30] [Server thread/WARN]: Can't keep up! Is the server overloaded? Running 2093ms or 41 ticks behind
[12:06:01] [Server thread/WARN]: Can't keep up! Is the server overloaded? Running 2004ms or 40 ticks behind
[12:06:24] [Server thread/WARN]: Can't keep up! Is the server overloaded? Running 2002ms or 40 ticks behind
[12:11:43] [Server thread/INFO]: Amin has made the advancement [Take Aim]
[12:12:16] [Server thread/INFO]: Tahae[/37.156.240.49:50301] logged in with entity id 112600 at (-1.2295158439487026, 89.0, 70.38498974002023)
[12:12:16] [Server thread/INFO]: Tahae joined the game
[12:15:04] [Server thread/INFO]: [Not Secure] <Amin> bale???
[12:15:12] [Server thread/INFO]: [Not Secure] <Tahae> hichi
[12:19:25] [Server thread/INFO]: [Not Secure] <Tahae> gold lazem darid? age nadarid beram traid???
[12:19:54] [Server thread/INFO]: [Not Secure] <Tahae> ???
[12:20:03] [Server thread/INFO]: [Not Secure] <Amin> nadarim
[12:20:12] [Server thread/INFO]: [Not Secure] <Tahae> ok
[12:23:46] [Server thread/INFO]: Amin has made the advancement [We Need to Go Deeper]
[12:26:35] [Server thread/WARN]: Can't keep up! Is the server overloaded? Running 2003ms or 40 ticks behind
[12:26:59] [Server thread/WARN]: Can't keep up! Is the server overloaded? Running 2001ms or 40 ticks behind
[12:27:16] [Server thread/WARN]: Can't keep up! Is the server overloaded? Running 2677ms or 53 ticks behind
[12:27:40] [Server thread/WARN]: Can't keep up! Is the server overloaded? Running 2001ms or 40 ticks behind
[12:28:01] [Server thread/WARN]: Can't keep up! Is the server overloaded? Running 2002ms or 40 ticks behind
[12:28:19] [Server thread/WARN]: Can't keep up! Is the server overloaded? Running 3477ms or 69 ticks behind
[12:28:37] [Server thread/WARN]: Can't keep up! Is the server overloaded? Running 3112ms or 62 ticks behind
[12:28:55] [Server thread/WARN]: Can't keep up! Is the server overloaded? Running 2127ms or 42 ticks behind
[12:29:12] [Server thread/WARN]: Can't keep up! Is the server overloaded? Running 2349ms or 46 ticks behind
[12:29:29] [Server thread/WARN]: Can't keep up! Is the server overloaded? Running 2418ms or 48 ticks behind
[12:29:47] [Server thread/WARN]: Can't keep up! Is the server overloaded? Running 2951ms or 59 ticks behind
[12:30:04] [Server thread/WARN]: Can't keep up! Is the server overloaded? Running 2125ms or 42 ticks behind
[12:30:23] [Server thread/WARN]: Can't keep up! Is the server overloaded? Running 3272ms or 65 ticks behind
[12:30:41] [Server thread/WARN]: Can't keep up! Is the server overloaded? Running 3275ms or 65 ticks behind
[12:30:58] [Server thread/WARN]: Can't keep up! Is the server overloaded? Running 2146ms or 42 ticks behind
[12:31:16] [Server thread/WARN]: Can't keep up! Is the server overloaded? Running 3015ms or 60 ticks behind
[12:31:33] [Server thread/WARN]: Can't keep up! Is the server overloaded? Running 2515ms or 50 ticks behind
[12:31:52] [Server thread/WARN]: Can't keep up! Is the server overloaded? Running 3829ms or 76 ticks behind
[12:32:10] [Server thread/WARN]: Can't keep up! Is the server overloaded? Running 2841ms or 56 ticks behind
[12:32:27] [Server thread/WARN]: Can't keep up! Is the server overloaded? Running 2263ms or 45 ticks behind
[12:32:45] [Server thread/WARN]: Can't keep up! Is the server overloaded? Running 2755ms or 55 ticks behind
[12:33:04] [Server thread/WARN]: Can't keep up! Is the server overloaded? Running 3572ms or 71 ticks behind
[12:33:22] [Server thread/WARN]: Can't keep up! Is the server overloaded? Running 3425ms or 68 ticks behind
[12:33:40] [Server thread/WARN]: Can't keep up! Is the server overloaded? Running 3114ms or 62 ticks behind
[12:33:58] [Server thread/WARN]: Can't keep up! Is the server overloaded? Running 2694ms or 53 ticks behind
[12:34:03] [Server thread/INFO]: Amin fell from a high place
[12:34:15] [Server thread/WARN]: Can't keep up! Is the server overloaded? Running 2228ms or 44 ticks behind
[12:34:58] [Server thread/WARN]: Can't keep up! Is the server overloaded? Running 2021ms or 40 ticks behind
[12:35:16] [Server thread/WARN]: Can't keep up! Is the server overloaded? Running 3941ms or 78 ticks behind
[12:35:34] [Server thread/WARN]: Can't keep up! Is the server overloaded? Running 2709ms or 54 ticks behind
[12:35:56] [Server thread/WARN]: Can't keep up! Is the server overloaded? Running 2004ms or 40 ticks behind
[12:36:16] [Server thread/WARN]: Can't keep up! Is the server overloaded? Running 2070ms or 41 ticks behind
[12:36:33] [Server thread/WARN]: Can't keep up! Is the server overloaded? Running 2305ms or 46 ticks behind
[12:36:51] [Server thread/WARN]: Can't keep up! Is the server overloaded? Running 3176ms or 63 ticks behind
[12:37:10] [Server thread/WARN]: Can't keep up! Is the server overloaded? Running 3780ms or 75 ticks behind
[12:37:28] [Server thread/WARN]: Can't keep up! Is the server overloaded? Running 3127ms or 62 ticks behind
[12:37:38] [Server thread/INFO]: Tahae has made the advancement [Surge Protector]
[12:37:46] [Server thread/WARN]: Can't keep up! Is the server overloaded? Running 2728ms or 54 ticks behind
[12:38:04] [Server thread/WARN]: Can't keep up! Is the server overloaded? Running 3233ms or 64 ticks behind
[12:38:23] [Server thread/WARN]: Can't keep up! Is the server overloaded? Running 3948ms or 78 ticks behind
[12:38:31] [Server thread/INFO]: Tahae lost connection: Disconnected
[12:38:31] [Server thread/INFO]: Tahae left the game
[12:38:41] [Server thread/WARN]: Can't keep up! Is the server overloaded? Running 2652ms or 53 ticks behind
[12:39:14] [Server thread/WARN]: Can't keep up! Is the server overloaded? Running 2005ms or 40 ticks behind
[12:40:06] [Server thread/WARN]: Can't keep up! Is the server overloaded? Running 2004ms or 40 ticks behind
[12:40:34] [Server thread/WARN]: Can't keep up! Is the server overloaded? Running 2000ms or 40 ticks behind
[12:41:04] [Server thread/WARN]: Can't keep up! Is the server overloaded? Running 2007ms or 40 ticks behind
[12:41:25] [Server thread/WARN]: Can't keep up! Is the server overloaded? Running 2004ms or 40 ticks behind
[12:41:42] [Server thread/WARN]: Can't keep up! Is the server overloaded? Running 2550ms or 51 ticks behind
[12:42:00] [Server thread/WARN]: Can't keep up! Is the server overloaded? Running 2364ms or 47 ticks behind
[12:42:21] [Server thread/WARN]: Can't keep up! Is the server overloaded? Running 2004ms or 40 ticks behind
[12:42:39] [Server thread/WARN]: Can't keep up! Is the server overloaded? Running 2001ms or 40 ticks behind
[12:42:58] [Server thread/WARN]: Can't keep up! Is the server overloaded? Running 2006ms or 40 ticks behind
[12:43:18] [Server thread/WARN]: Can't keep up! Is the server overloaded? Running 2007ms or 40 ticks behind
[12:43:52] [Server thread/WARN]: Can't keep up! Is the server overloaded? Running 2001ms or 40 ticks behind
[12:44:21] [Server thread/WARN]: Can't keep up! Is the server overloaded? Running 2000ms or 40 ticks behind
[12:44:39] [Server thread/WARN]: Can't keep up! Is the server overloaded? Running 2010ms or 40 ticks behind
[12:45:05] [Server thread/WARN]: Can't keep up! Is the server overloaded? Running 2005ms or 40 ticks behind
[12:45:37] [Server thread/WARN]: Can't keep up! Is the server overloaded? Running 2009ms or 40 ticks behind
[12:45:54] [Server thread/WARN]: Can't keep up! Is the server overloaded? Running 2214ms or 44 ticks behind
[12:46:12] [Server thread/WARN]: Can't keep up! Is the server overloaded? Running 2006ms or 40 ticks behind
[12:48:38] [Server thread/WARN]: Can't keep up! Is the server overloaded? Running 2001ms or 40 ticks behind
[12:49:00] [Server thread/WARN]: Can't keep up! Is the server overloaded? Running 2003ms or 40 ticks behind
[12:49:24] [Server thread/WARN]: Can't keep up! Is the server overloaded? Running 2007ms or 40 ticks behind
[12:50:00] [Server thread/WARN]: Can't keep up! Is the server overloaded? Running 2015ms or 40 ticks behind
[12:50:25] [Server thread/WARN]: Can't keep up! Is the server overloaded? Running 2002ms or 40 ticks behind
[12:51:36] [Server thread/WARN]: Can't keep up! Is the server overloaded? Running 2001ms or 40 ticks behind
[12:52:33] [Server thread/WARN]: Can't keep up! Is the server overloaded? Running 2004ms or 40 ticks behind
[12:53:53] [Server thread/WARN]: Can't keep up! Is the server overloaded? Running 2010ms or 40 ticks behind
[12:55:46] [Server thread/WARN]: Can't keep up! Is the server overloaded? Running 2011ms or 40 ticks behind
[13:04:32] [Server thread/WARN]: Can't keep up! Is the server overloaded? Running 2004ms or 40 ticks behind
[13:04:50] [Server thread/WARN]: Can't keep up! Is the server overloaded? Running 2487ms or 49 ticks behind
[13:05:35] [Server thread/WARN]: Can't keep up! Is the server overloaded? Running 2006ms or 40 ticks behind
[13:28:28] [Server thread/INFO]: Amin has made the advancement [Ice Bucket Challenge]
[13:32:30] [Server thread/INFO]: Amin has made the advancement [The Parrots and the Bats]
[13:56:53] [Server thread/WARN]: Can't keep up! Is the server overloaded? Running 2007ms or 40 ticks behind
[14:06:52] [Server thread/WARN]: Can't keep up! Is the server overloaded? Running 2023ms or 40 ticks behind
[14:09:35] [Server thread/WARN]: Can't keep up! Is the server overloaded? Running 2011ms or 40 ticks behind
[14:32:40] [Server thread/INFO]: kshyst lost connection: Disconnected
[14:32:40] [Server thread/INFO]: kshyst left the game
[14:40:52] [Server thread/INFO]: Amin was slain by Zombie
[14:41:03] [Server thread/INFO]: [Amin: Teleported Amin to 0.500000, 0.000000, 0.500000]
[14:41:03] [Server thread/WARN]: Amin moved too quickly! -101.78834435818749,-65.0,-792.0636707087347
[14:41:10] [Server thread/INFO]: [Amin: Teleported Amin to 0.500000, 70.000000, 0.500000]
[14:41:15] [Server thread/INFO]: Amin suffocated in a wall
[14:41:15] [Server thread/INFO]: [Amin: Teleported Amin to 0.500000, 100.000000, 0.500000]
[14:41:16] [Server thread/WARN]: Amin moved too quickly! 105.0,-37.0,790.0
[14:41:23] [Server thread/INFO]: [Amin: Teleported Amin to 0.500000, 150.000000, 0.500000]
[14:41:23] [Server thread/WARN]: Amin moved too quickly! -105.0,87.0,-790.0
[14:41:25] [Server thread/INFO]: Amin fell from a high place
[14:41:26] [Server thread/WARN]: Amin moved too quickly! 105.61558062962888,-40.0,790.0840753598163
[14:41:29] [Server thread/INFO]: [Amin: Teleported Amin to 0.500000, 120.000000, 0.500000]
[14:41:49] [Server thread/INFO]: Amin lost connection: Disconnected
[14:41:49] [Server thread/INFO]: Amin left the game
[17:50:56] [Server thread/INFO]: kshyst[/5.112.173.35:61582] logged in with entity id 164144 at (-20.050015131533943, 123.0, 196.30000001192093)
[17:50:56] [Server thread/INFO]: kshyst joined the game
[17:54:30] [Server thread/WARN]: kshyst moved too quickly! 0.5574054512176634,-1.0,-9.96053473806937
